Using pre-set license
Built from '2020.2/staging' branch; Version is '2020.2.3f1 (8ff31bc5bf5b) revision 9433883'; Using compiler version '192528614'; Build Type 'Release'
OS: 'Windows 10 Home Single Language; OS build 19042.985; Version 2009; 64bit' Language: 'en' Physical Memory: 16229 MB
BatchMode: 1, IsHumanControllingUs: 0, StartBugReporterOnCrash: 0, Is64bit: 1, IsPro: 0

 COMMAND LINE ARGUMENTS:
C:\Program Files\Unity\Hub\Editor\2020.2.3f1\Editor\Unity.exe
-adb2
-batchMode
-noUpm
-name
AssetImportWorker0
-projectPath
D:/Unity Games/Scriptable Object Inventory System Medium
-logFile
Logs/AssetImportWorker0.log
-srvPort
60689
Successfully changed project path to: D:/Unity Games/Scriptable Object Inventory System Medium
D:/Unity Games/Scriptable Object Inventory System Medium
Using Asset Import Pipeline V2.
Refreshing native plugins compatible for Editor in 77.54 ms, found 1 plugins.
Preloading 0 native plugins for Editor in 0.00 ms.
Initialize engine version: 2020.2.3f1 (8ff31bc5bf5b)
[Subsystems] Discovering subsystems at path C:/Program Files/Unity/Hub/Editor/2020.2.3f1/Editor/Data/Resources/UnitySubsystems
[Subsystems] Discovering subsystems at path D:/Unity Games/Scriptable Object Inventory System Medium/Assets
GfxDevice: creating device client; threaded=0
Direct3D:
    Version:  Direct3D 11.0 [level 11.1]
    Renderer: NVIDIA GeForce GTX 1070 (ID=0x1ba1)
    Vendor:   
    VRAM:     8081 MB
    Driver:   27.21.14.6089
Shader 'Universal Render Pipeline/Particles/Lit': fallback shader 'Universal Render Pipeline/Particles/SimpleLit' not found
Initialize mono
Mono path[0] = 'C:/Program Files/Unity/Hub/Editor/2020.2.3f1/Editor/Data/Managed'
Mono path[1] = 'C:/Program Files/Unity/Hub/Editor/2020.2.3f1/Editor/Data/MonoBleedingEdge/lib/mono/unityjit'
Mono config path = 'C:/Program Files/Unity/Hub/Editor/2020.2.3f1/Editor/Data/MonoBleedingEdge/etc'
Using monoOptions --debugger-agent=transport=dt_socket,embedding=1,server=y,suspend=n,address=127.0.0.1:56592
Begin MonoManager ReloadAssembly
Registering precompiled unity dll's ...
Register platform support module: C:/Program Files/Unity/Hub/Editor/2020.2.3f1/Editor/Data/PlaybackEngines/WebGLSupport/UnityEditor.WebGL.Extensions.dll
Register platform support module: C:/Program Files/Unity/Hub/Editor/2020.2.3f1/Editor/Data/PlaybackEngines/WindowsStandaloneSupport/UnityEditor.WindowsStandalone.Extensions.dll
Registered in 0.003858 seconds.
Native extension for WindowsStandalone target not found
Native extension for WebGL target not found
Refreshing native plugins compatible for Editor in 66.35 ms, found 1 plugins.
Preloading 0 native plugins for Editor in 0.00 ms.
Invoked RoslynAnalysisRunner static constructor.
RoslynAnalysisRunner will not be running.
RoslynAnalysisRunner has terminated.
Mono: successfully reloaded assembly
- Completed reload, in  2.570 seconds
Platform modules already initialized, skipping
Registering precompiled user dll's ...
Registered in 0.001913 seconds.
Begin MonoManager ReloadAssembly
Native extension for WindowsStandalone target not found
Native extension for WebGL target not found
Refreshing native plugins compatible for Editor in 72.36 ms, found 1 plugins.
Preloading 0 native plugins for Editor in 0.00 ms.
Invoked RoslynAnalysisRunner static constructor.
RoslynAnalysisRunner will not be running.
RoslynAnalysisRunner has terminated.
Mono: successfully reloaded assembly
- Completed reload, in  1.312 seconds
Platform modules already initialized, skipping
========================================================================
Worker process is ready to serve import requests
Shader 'Universal Render Pipeline/Particles/Lit': fallback shader 'Universal Render Pipeline/Particles/SimpleLit' not found
Launched and connected shader compiler UnityShaderCompiler.exe after 0.07 seconds
Refreshing native plugins compatible for Editor in 0.60 ms, found 1 plugins.
Preloading 0 native plugins for Editor in 0.00 ms.
Unloading 3393 Unused Serialized files (Serialized files now loaded: 0)
System memory in use before: 145.8 MB.
System memory in use after: 145.9 MB.

Unloading 26 unused Assets to reduce memory usage. Loaded Objects now: 3836.
Total: 2.936200 ms (FindLiveObjects: 0.331800 ms CreateObjectMapping: 0.210500 ms MarkObjects: 2.242100 ms  DeleteObjects: 0.150600 ms)

========================================================================
Received Import Request.
  path: Assets/Sprites
  artifactKey: Guid(e3bcaec1cd6025c4d8d1abaf395b6a2b) Importer(815301076,1909f56bfc062723c751e8b465ee728b)
Start importing Assets/Sprites using Guid(e3bcaec1cd6025c4d8d1abaf395b6a2b) Importer(815301076,1909f56bfc062723c751e8b465ee728b)  -> (artifact id: '1c012e091298f3791bd8f6058e92cdab') in 0.014852 seconds
  Import took 0.061180 seconds .

========================================================================
Received Import Request.
  Time since last request: 10.882903 seconds.
  path: Assets/Sprites/InventoryItemTextures.spriteatlas
  artifactKey: Guid(7004e2c9823478246a45488c6fe213a5) Importer(815301076,1909f56bfc062723c751e8b465ee728b)
Start importing Assets/Sprites/InventoryItemTextures.spriteatlas using Guid(7004e2c9823478246a45488c6fe213a5) Importer(815301076,1909f56bfc062723c751e8b465ee728b)  -> (artifact id: '35b7e2b44a19ec714183a6bf9854cd28') in 0.047506 seconds
  Import took 0.089261 seconds .

========================================================================
Received Import Request.
  Time since last request: 35.375951 seconds.
  path: Assets/ScriptableObjects/InventoryItems/Shields/AllShield.asset
  artifactKey: Guid(06838d06b96b37b4c82f1436993adb5d) Importer(815301076,1909f56bfc062723c751e8b465ee728b)
Start importing Assets/ScriptableObjects/InventoryItems/Shields/AllShield.asset using Guid(06838d06b96b37b4c82f1436993adb5d) Importer(815301076,1909f56bfc062723c751e8b465ee728b)  -> (artifact id: 'b656f74007254929f1f878227d098234') in 0.008867 seconds
  Import took 0.152715 seconds .

========================================================================
Received Import Request.
  Time since last request: 0.000308 seconds.
  path: Assets/AddressableAssetsData/DataBuilders/BuildScriptPackedPlayMode.asset
  artifactKey: Guid(5f5fdab3a8d65b9499b4a1e346971d1c) Importer(815301076,1909f56bfc062723c751e8b465ee728b)
Start importing Assets/AddressableAssetsData/DataBuilders/BuildScriptPackedPlayMode.asset using Guid(5f5fdab3a8d65b9499b4a1e346971d1c) Importer(815301076,1909f56bfc062723c751e8b465ee728b)  -> (artifact id: '81da9822596c3ab5f3e81c5787da88df') in 0.021478 seconds
  Import took 0.036750 seconds .

========================================================================
Received Import Request.
  Time since last request: 0.000261 seconds.
  path: Assets/AddressableAssetsData/AssetGroups/Schemas/Default Local Group_BundledAssetGroupSchema.asset
  artifactKey: Guid(77d853562e17cf04eba227ca95b508f7) Importer(815301076,1909f56bfc062723c751e8b465ee728b)
Start importing Assets/AddressableAssetsData/AssetGroups/Schemas/Default Local Group_BundledAssetGroupSchema.asset using Guid(77d853562e17cf04eba227ca95b508f7) Importer(815301076,1909f56bfc062723c751e8b465ee728b)  -> (artifact id: 'b6f4d548aeb00fd39479db106ce68152') in 0.030516 seconds
  Import took 0.072583 seconds .

========================================================================
Received Import Request.
  Time since last request: 0.000368 seconds.
  path: Assets/AddressableAssetsData/DataBuilders/BuildScriptFastMode.asset
  artifactKey: Guid(813fadd8c7de09e4da76c06ae2e9d3a9) Importer(815301076,1909f56bfc062723c751e8b465ee728b)
Start importing Assets/AddressableAssetsData/DataBuilders/BuildScriptFastMode.asset using Guid(813fadd8c7de09e4da76c06ae2e9d3a9) Importer(815301076,1909f56bfc062723c751e8b465ee728b)  -> (artifact id: '895d08bf7f4628b2900c85c08285fa9c') in 0.007185 seconds
  Import took 0.033986 seconds .

========================================================================
Received Import Request.
  Time since last request: 0.000360 seconds.
  path: Assets/AddressableAssetsData/AssetGroups/Default Local Group.asset
  artifactKey: Guid(3ce954083503bac4d800b2af2485557b) Importer(815301076,1909f56bfc062723c751e8b465ee728b)
Start importing Assets/AddressableAssetsData/AssetGroups/Default Local Group.asset using Guid(3ce954083503bac4d800b2af2485557b) Importer(815301076,1909f56bfc062723c751e8b465ee728b)  -> (artifact id: 'fdeaf1584e74d0fc08e28b2ab295971d') in 0.007110 seconds
  Import took 0.021654 seconds .

========================================================================
Received Import Request.
  Time since last request: 0.000288 seconds.
  path: Assets/ScriptableObjects/InventoryItems/Weapons/Bow.asset
  artifactKey: Guid(92370ee0d1a45ea4984890b19df094b7) Importer(815301076,1909f56bfc062723c751e8b465ee728b)
Start importing Assets/ScriptableObjects/InventoryItems/Weapons/Bow.asset using Guid(92370ee0d1a45ea4984890b19df094b7) Importer(815301076,1909f56bfc062723c751e8b465ee728b)  -> (artifact id: '9dde5ffc52efc9c87068402af45b3adc') in 0.002296 seconds
  Import took 0.015139 seconds .

========================================================================
Received Import Request.
  Time since last request: 0.000265 seconds.
  path: Assets/Resources/AnimationImporter/AnimationImporterConfig.asset
  artifactKey: Guid(9f769b446b53ec04b9b9f18cab182c26) Importer(815301076,1909f56bfc062723c751e8b465ee728b)
Start importing Assets/Resources/AnimationImporter/AnimationImporterConfig.asset using Guid(9f769b446b53ec04b9b9f18cab182c26) Importer(815301076,1909f56bfc062723c751e8b465ee728b)  -> (artifact id: '118a8110841e942783db0ca07f57ddae') in 0.007117 seconds
  Import took 0.017916 seconds .

========================================================================
Received Import Request.
  Time since last request: 0.000291 seconds.
  path: Assets/ScriptableObjects/InventoryItems/Shields/AllShield.asset
  artifactKey: Guid(06838d06b96b37b4c82f1436993adb5d) Importer(815301076,1909f56bfc062723c751e8b465ee728b)
Start importing Assets/ScriptableObjects/InventoryItems/Shields/AllShield.asset using Guid(06838d06b96b37b4c82f1436993adb5d) Importer(815301076,1909f56bfc062723c751e8b465ee728b)  -> (artifact id: 'b656f74007254929f1f878227d098234') in 0.002234 seconds
  Import took 0.007846 seconds .

========================================================================
Received Import Request.
  Time since last request: 0.000282 seconds.
  path: Assets/AddressableAssetsData/DataBuilders/BuildScriptPackedMode.asset
  artifactKey: Guid(1c3d2b55b2e79944a99608fb32ab4819) Importer(815301076,1909f56bfc062723c751e8b465ee728b)
Start importing Assets/AddressableAssetsData/DataBuilders/BuildScriptPackedMode.asset using Guid(1c3d2b55b2e79944a99608fb32ab4819) Importer(815301076,1909f56bfc062723c751e8b465ee728b)  -> (artifact id: 'c33367b7b6bfd15dacd59df25fc04630') in 0.031179 seconds
  Import took 0.037132 seconds .

========================================================================
Received Import Request.
  Time since last request: 0.000244 seconds.
  path: Assets/AddressableAssetsData/AssetGroups/Schemas/Default Local Group_ContentUpdateGroupSchema.asset
  artifactKey: Guid(0121e0588905e304b9b1553087d3f22a) Importer(815301076,1909f56bfc062723c751e8b465ee728b)
Start importing Assets/AddressableAssetsData/AssetGroups/Schemas/Default Local Group_ContentUpdateGroupSchema.asset using Guid(0121e0588905e304b9b1553087d3f22a) Importer(815301076,1909f56bfc062723c751e8b465ee728b)  -> (artifact id: '62f50c479c62f5f7930071c752c55f2c') in 0.006626 seconds
  Import took 0.039432 seconds .

========================================================================
Received Import Request.
  Time since last request: 0.000312 seconds.
  path: Assets/AddressableAssetsData/DataBuilders/BuildScriptVirtualMode.asset
  artifactKey: Guid(8a62f6f919f3c0f4db3473b5e6e7e6fe) Importer(815301076,1909f56bfc062723c751e8b465ee728b)
Start importing Assets/AddressableAssetsData/DataBuilders/BuildScriptVirtualMode.asset using Guid(8a62f6f919f3c0f4db3473b5e6e7e6fe) Importer(815301076,1909f56bfc062723c751e8b465ee728b)  -> (artifact id: '5c565e63b1ecba10a823a6528baa2277') in 0.006003 seconds
  Import took 0.012300 seconds .

========================================================================
Received Import Request.
  Time since last request: 0.000231 seconds.
  path: Assets/AddressableAssetsData/AssetGroups/Schemas/Built In Data_PlayerDataGroupSchema.asset
  artifactKey: Guid(482dfdeee10d9954c993aabf520fdc78) Importer(815301076,1909f56bfc062723c751e8b465ee728b)
Start importing Assets/AddressableAssetsData/AssetGroups/Schemas/Built In Data_PlayerDataGroupSchema.asset using Guid(482dfdeee10d9954c993aabf520fdc78) Importer(815301076,1909f56bfc062723c751e8b465ee728b)  -> (artifact id: '3248a1d29cd13ecd6d7ac52792f020e7') in 0.006760 seconds
  Import took 0.021984 seconds .

========================================================================
Received Import Request.
  Time since last request: 38.098911 seconds.
  path: Assets/TextMesh Pro/Resources/Style Sheets/Default Style Sheet.asset
  artifactKey: Guid(f952c082cb03451daed3ee968ac6c63e) Importer(815301076,1909f56bfc062723c751e8b465ee728b)
Start importing Assets/TextMesh Pro/Resources/Style Sheets/Default Style Sheet.asset using Guid(f952c082cb03451daed3ee968ac6c63e) Importer(815301076,1909f56bfc062723c751e8b465ee728b)  -> (artifact id: '124d55a5b1c1083acdd44f71e84f9043') in 0.007132 seconds
  Import took 0.013270 seconds .

========================================================================
Received Import Request.
  Time since last request: 15.667528 seconds.
  path: Assets/Materials/HealthPotion_Mat.mat
  artifactKey: Guid(280dcd808ec33ca49b11cf15c675ae30) Importer(815301076,1909f56bfc062723c751e8b465ee728b)
Start importing Assets/Materials/HealthPotion_Mat.mat using Guid(280dcd808ec33ca49b11cf15c675ae30) Importer(815301076,1909f56bfc062723c751e8b465ee728b)  -> (artifact id: 'ceffd51a8be97b29cb5b478c69692d5e') in 0.213043 seconds
  Import took 0.325870 seconds .

========================================================================
Received Import Request.
  Time since last request: 0.000273 seconds.
  path: Assets/Materials/StaminaPotion_Mat.mat
  artifactKey: Guid(044bbdd6694d43b4ba9aedd13be6055a) Importer(815301076,1909f56bfc062723c751e8b465ee728b)
Start importing Assets/Materials/StaminaPotion_Mat.mat using Guid(044bbdd6694d43b4ba9aedd13be6055a) Importer(815301076,1909f56bfc062723c751e8b465ee728b)  -> (artifact id: '743fc5dd460214a1dd07590d0c21d65c') in 0.013315 seconds
  Import took 0.046898 seconds .

========================================================================
Received Import Request.
  Time since last request: 0.000318 seconds.
  path: Assets/ScriptableObjects/InventoryItems/Potions/ManaPotion.asset
  artifactKey: Guid(44169687d231b8749a3a7d1de3c89593) Importer(815301076,1909f56bfc062723c751e8b465ee728b)
Start importing Assets/ScriptableObjects/InventoryItems/Potions/ManaPotion.asset using Guid(44169687d231b8749a3a7d1de3c89593) Importer(815301076,1909f56bfc062723c751e8b465ee728b)  -> (artifact id: '3a8fb94fc056f8b125c970ec3c7179c3') in 0.007654 seconds
  Import took 0.017580 seconds .

========================================================================
Received Import Request.
  Time since last request: 0.000318 seconds.
  path: Assets/Materials/ManaPotion_Mat.mat
  artifactKey: Guid(3dd69bcf082920745bc54ffde802e5cf) Importer(815301076,1909f56bfc062723c751e8b465ee728b)
Start importing Assets/Materials/ManaPotion_Mat.mat using Guid(3dd69bcf082920745bc54ffde802e5cf) Importer(815301076,1909f56bfc062723c751e8b465ee728b)  -> (artifact id: '6854564f7a27ebd1af82c83099fa5dc5') in 0.015175 seconds
  Import took 0.045572 seconds .

========================================================================
Received Import Request.
  Time since last request: 13.403894 seconds.
  path: Assets/AddressableAssetsData/DefaultObject.asset
  artifactKey: Guid(b867f17abd36feb4ea4421878ca6bb09) Importer(815301076,1909f56bfc062723c751e8b465ee728b)
Start importing Assets/AddressableAssetsData/DefaultObject.asset using Guid(b867f17abd36feb4ea4421878ca6bb09) Importer(815301076,1909f56bfc062723c751e8b465ee728b)  -> (artifact id: '1e7b7f80856d7c56b2162b523b9ace10') in 0.006833 seconds
  Import took 0.013372 seconds .

========================================================================
Received Import Request.
  Time since last request: 0.000433 seconds.
  path: Assets/Prefabs/ScenePrefabs/Light and Camera.prefab
  artifactKey: Guid(b623c88b4866db94aaebc1187360e7a5) Importer(815301076,1909f56bfc062723c751e8b465ee728b)
Start importing Assets/Prefabs/ScenePrefabs/Light and Camera.prefab using Guid(b623c88b4866db94aaebc1187360e7a5) Importer(815301076,1909f56bfc062723c751e8b465ee728b)  -> (artifact id: '174046a911f4bf73d6f2cf4398614d75') in 0.016646 seconds
  Import took 0.024184 seconds .

========================================================================
Received Import Request.
  Time since last request: 0.000299 seconds.
  path: Assets/AddressableAssetsData/DefaultObject.asset
  artifactKey: Guid(b867f17abd36feb4ea4421878ca6bb09) Importer(815301076,1909f56bfc062723c751e8b465ee728b)
Start importing Assets/AddressableAssetsData/DefaultObject.asset using Guid(b867f17abd36feb4ea4421878ca6bb09) Importer(815301076,1909f56bfc062723c751e8b465ee728b)  -> (artifact id: '1e7b7f80856d7c56b2162b523b9ace10') in 0.002335 seconds
  Import took 0.008105 seconds .

========================================================================
Received Import Request.
  Time since last request: 5.114711 seconds.
  path: Assets/TextMesh Pro/Resources/TMP Settings.asset
  artifactKey: Guid(3f5b5dff67a942289a9defa416b206f3) Importer(815301076,1909f56bfc062723c751e8b465ee728b)
Start importing Assets/TextMesh Pro/Resources/TMP Settings.asset using Guid(3f5b5dff67a942289a9defa416b206f3) Importer(815301076,1909f56bfc062723c751e8b465ee728b)  -> (artifact id: 'e6625e1c7b15ac4ac535ac3dc10c0161') in 0.050031 seconds
  Import took 0.144258 seconds .

========================================================================
Received Import Request.
  Time since last request: 4.465623 seconds.
  path: Assets/Sprites/InventoryItemTextures.spriteatlas
  artifactKey: Guid(7004e2c9823478246a45488c6fe213a5) Importer(815301076,1909f56bfc062723c751e8b465ee728b)
Start importing Assets/Sprites/InventoryItemTextures.spriteatlas using Guid(7004e2c9823478246a45488c6fe213a5) Importer(815301076,1909f56bfc062723c751e8b465ee728b)  -> (artifact id: 'c9143f1176b1d66f8d15a47f8528e5b7') in 0.003951 seconds
  Import took 0.015144 seconds .

========================================================================
Received Import Request.
  Time since last request: 0.000676 seconds.
  path: Assets/Sprites/InventoryItemTextures.spriteatlas
  artifactKey: Guid(7004e2c9823478246a45488c6fe213a5) Importer(815301076,1909f56bfc062723c751e8b465ee728b)
Start importing Assets/Sprites/InventoryItemTextures.spriteatlas using Guid(7004e2c9823478246a45488c6fe213a5) Importer(815301076,1909f56bfc062723c751e8b465ee728b)  -> (artifact id: 'c9143f1176b1d66f8d15a47f8528e5b7') in 0.003846 seconds
  Import took 0.008844 seconds .

========================================================================
Received Import Request.
  Time since last request: 110.362777 seconds.
  path: Assets/Sprites/InventoryItemTextures.spriteatlas
  artifactKey: Guid(7004e2c9823478246a45488c6fe213a5) Importer(815301076,1909f56bfc062723c751e8b465ee728b)
Start importing Assets/Sprites/InventoryItemTextures.spriteatlas using Guid(7004e2c9823478246a45488c6fe213a5) Importer(815301076,1909f56bfc062723c751e8b465ee728b)  -> (artifact id: 'afd8c2da6188f96cd0f1c5ba08fdb619') in 0.003523 seconds
  Import took 0.023405 seconds .

========================================================================
Received Import Request.
  Time since last request: 14.573258 seconds.
  path: Assets/Sprites/InventoryItemTextures.spriteatlas
  artifactKey: Guid(7004e2c9823478246a45488c6fe213a5) Importer(815301076,1909f56bfc062723c751e8b465ee728b)
Start importing Assets/Sprites/InventoryItemTextures.spriteatlas using Guid(7004e2c9823478246a45488c6fe213a5) Importer(815301076,1909f56bfc062723c751e8b465ee728b)  -> (artifact id: '9ae990a25f52b6cbb08b25e2cccf399c') in 0.003711 seconds
  Import took 0.026916 seconds .

========================================================================
Received Import Request.
  Time since last request: 5.879474 seconds.
  path: Assets/Sprites/InventoryItemTextures.spriteatlas
  artifactKey: Guid(7004e2c9823478246a45488c6fe213a5) Importer(815301076,1909f56bfc062723c751e8b465ee728b)
Start importing Assets/Sprites/InventoryItemTextures.spriteatlas using Guid(7004e2c9823478246a45488c6fe213a5) Importer(815301076,1909f56bfc062723c751e8b465ee728b)  -> (artifact id: '4ea83acee49356f7e59ad1a250fb204d') in 0.003555 seconds
  Import took 0.032717 seconds .

========================================================================
Received Import Request.
  Time since last request: 3.788037 seconds.
  path: Assets/Sprites/InventoryItemTextures.spriteatlas
  artifactKey: Guid(7004e2c9823478246a45488c6fe213a5) Importer(815301076,1909f56bfc062723c751e8b465ee728b)
Start importing Assets/Sprites/InventoryItemTextures.spriteatlas using Guid(7004e2c9823478246a45488c6fe213a5) Importer(815301076,1909f56bfc062723c751e8b465ee728b)  -> (artifact id: '2268572ed7a74ac3bdada819cf332a2c') in 0.003490 seconds
  Import took 0.012988 seconds .

========================================================================
Received Prepare
Registering precompiled user dll's ...
Registered in 0.001518 seconds.
Begin MonoManager ReloadAssembly
Native extension for WindowsStandalone target not found
Native extension for WebGL target not found
Refreshing native plugins compatible for Editor in 0.73 ms, found 1 plugins.
Preloading 0 native plugins for Editor in 0.00 ms.
Invoked RoslynAnalysisRunner static constructor.
RoslynAnalysisRunner will not be running.
RoslynAnalysisRunner has terminated.
Mono: successfully reloaded assembly
- Completed reload, in  1.118 seconds
Platform modules already initialized, skipping
Shader 'Universal Render Pipeline/Particles/Lit': fallback shader 'Universal Render Pipeline/Particles/SimpleLit' not found
Refreshing native plugins compatible for Editor in 0.59 ms, found 1 plugins.
Preloading 0 native plugins for Editor in 0.00 ms.
Unloading 3259 Unused Serialized files (Serialized files now loaded: 0)
System memory in use before: 144.5 MB.
System memory in use after: 144.6 MB.

Unloading 15 unused Assets to reduce memory usage. Loaded Objects now: 3917.
Total: 2.979000 ms (FindLiveObjects: 0.468700 ms CreateObjectMapping: 0.180700 ms MarkObjects: 2.215200 ms  DeleteObjects: 0.113100 ms)

========================================================================
Received Import Request.
  Time since last request: 1169.674627 seconds.
  path: Assets/Sprites/InventoryItem_sprite_atlas.spriteatlas
  artifactKey: Guid(4ffb82821ecccb94db229bb671b0a42b) Importer(815301076,1909f56bfc062723c751e8b465ee728b)
Start importing Assets/Sprites/InventoryItem_sprite_atlas.spriteatlas using Guid(4ffb82821ecccb94db229bb671b0a42b) Importer(815301076,1909f56bfc062723c751e8b465ee728b)  -> (artifact id: '498ada83a06d4de4adfd42ccf50d2311') in 0.023832 seconds
  Import took 0.047000 seconds .

========================================================================
Received Import Request.
  Time since last request: 33.903982 seconds.
  path: Assets/Sprites/InventoryItem_sprite_atlas.spriteatlas
  artifactKey: Guid(4ffb82821ecccb94db229bb671b0a42b) Importer(815301076,1909f56bfc062723c751e8b465ee728b)
Start importing Assets/Sprites/InventoryItem_sprite_atlas.spriteatlas using Guid(4ffb82821ecccb94db229bb671b0a42b) Importer(815301076,1909f56bfc062723c751e8b465ee728b)  -> (artifact id: '27909fb7b505659d4e38bdb80b493a70') in 0.004326 seconds
  Import took 0.011087 seconds .

========================================================================
Received Import Request.
  Time since last request: 6.509220 seconds.
  path: Assets/Sprites/InventoryItem_sprite_atlas.spriteatlas
  artifactKey: Guid(4ffb82821ecccb94db229bb671b0a42b) Importer(815301076,1909f56bfc062723c751e8b465ee728b)
Start importing Assets/Sprites/InventoryItem_sprite_atlas.spriteatlas using Guid(4ffb82821ecccb94db229bb671b0a42b) Importer(815301076,1909f56bfc062723c751e8b465ee728b)  -> (artifact id: '660ea0dfbce2c9b63dde2180f64794b8') in 0.003948 seconds
  Import took 0.021063 seconds .

========================================================================
Received Prepare
Registering precompiled user dll's ...
Registered in 0.001571 seconds.
Begin MonoManager ReloadAssembly
Native extension for WindowsStandalone target not found
Native extension for WebGL target not found
Refreshing native plugins compatible for Editor in 0.56 ms, found 1 plugins.
Preloading 0 native plugins for Editor in 0.00 ms.
Invoked RoslynAnalysisRunner static constructor.
RoslynAnalysisRunner will not be running.
RoslynAnalysisRunner has terminated.
Mono: successfully reloaded assembly
- Completed reload, in  0.944 seconds
Platform modules already initialized, skipping
Shader 'Universal Render Pipeline/Particles/Lit': fallback shader 'Universal Render Pipeline/Particles/SimpleLit' not found
Refreshing native plugins compatible for Editor in 0.51 ms, found 1 plugins.
Preloading 0 native plugins for Editor in 0.00 ms.
Unloading 3258 Unused Serialized files (Serialized files now loaded: 0)
System memory in use before: 144.6 MB.
System memory in use after: 144.7 MB.

Unloading 14 unused Assets to reduce memory usage. Loaded Objects now: 3920.
Total: 3.743000 ms (FindLiveObjects: 0.336400 ms CreateObjectMapping: 0.176600 ms MarkObjects: 3.110500 ms  DeleteObjects: 0.118600 ms)

========================================================================
Received Import Request.
  Time since last request: 97.132802 seconds.
  path: Assets/Sprites/InventoryItem_sprite_atlas.spriteatlas
  artifactKey: Guid(4ffb82821ecccb94db229bb671b0a42b) Importer(815301076,1909f56bfc062723c751e8b465ee728b)
Start importing Assets/Sprites/InventoryItem_sprite_atlas.spriteatlas using Guid(4ffb82821ecccb94db229bb671b0a42b) Importer(815301076,1909f56bfc062723c751e8b465ee728b) Invalid sprite atlas asset encountered when matching atlas for sprite bow 0. Please repack all your sprite atlases.

Invalid sprite atlas asset encountered when matching atlas for sprite bow 1. Please repack all your sprite atlases.

Invalid sprite atlas asset encountered when matching atlas for sprite bow 2. Please repack all your sprite atlases.

Invalid sprite atlas asset encountered when matching atlas for sprite bow 3. Please repack all your sprite atlases.

Invalid sprite atlas asset encountered when matching atlas for sprite bow 4. Please repack all your sprite atlases.

Invalid sprite atlas asset encountered when matching atlas for sprite sword 0. Please repack all your sprite atlases.

Invalid sprite atlas asset encountered when matching atlas for sprite sword 1. Please repack all your sprite atlases.

Invalid sprite atlas asset encountered when matching atlas for sprite sword 2. Please repack all your sprite atlases.

Invalid sprite atlas asset encountered when matching atlas for sprite sword 3. Please repack all your sprite atlases.

Invalid sprite atlas asset encountered when matching atlas for sprite sword 4. Please repack all your sprite atlases.

Invalid sprite atlas asset encountered when matching atlas for sprite sword 5. Please repack all your sprite atlases.

Invalid sprite atlas asset encountered when matching atlas for sprite shield 0. Please repack all your sprite atlases.

Invalid sprite atlas asset encountered when matching atlas for sprite shield 1. Please repack all your sprite atlases.

Invalid sprite atlas asset encountered when matching atlas for sprite shield 2. Please repack all your sprite atlases.

Invalid sprite atlas asset encountered when matching atlas for sprite shield 3. Please repack all your sprite atlases.

Invalid sprite atlas asset encountered when matching atlas for sprite shield 4. Please repack all your sprite atlases.

Invalid sprite atlas asset encountered when matching atlas for sprite potion 0. Please repack all your sprite atlases.

Invalid sprite atlas asset encountered when matching atlas for sprite potion 1. Please repack all your sprite atlases.

Invalid sprite atlas asset encountered when matching atlas for sprite potion 2. Please repack all your sprite atlases.

Invalid sprite atlas asset encountered when matching atlas for sprite potion 3. Please repack all your sprite atlases.

Invalid sprite atlas asset encountered when matching atlas for sprite potion 4. Please repack all your sprite atlases.

Invalid sprite atlas asset encountered when matching atlas for sprite potion 5. Please repack all your sprite atlases.

Invalid sprite atlas asset encountered when matching atlas for sprite potion 6. Please repack all your sprite atlases.

Invalid sprite atlas asset encountered when matching atlas for sprite gold_bag 0. Please repack all your sprite atlases.

Invalid sprite atlas asset encountered when matching atlas for sprite gold_bag 1. Please repack all your sprite atlases.

Invalid sprite atlas asset encountered when matching atlas for sprite gold_bag 2. Please repack all your sprite atlases.

 -> (artifact id: '97a6c01cb6286bba50efb6d3931137e0') in 0.015703 seconds
  Import took 0.022028 seconds .

========================================================================
Received Prepare
Registering precompiled user dll's ...
Registered in 0.001509 seconds.
Begin MonoManager ReloadAssembly
Native extension for WindowsStandalone target not found
Native extension for WebGL target not found
Refreshing native plugins compatible for Editor in 0.51 ms, found 1 plugins.
Preloading 0 native plugins for Editor in 0.00 ms.
Invoked RoslynAnalysisRunner static constructor.
RoslynAnalysisRunner will not be running.
RoslynAnalysisRunner has terminated.
Mono: successfully reloaded assembly
- Completed reload, in  0.940 seconds
Platform modules already initialized, skipping
Shader 'Universal Render Pipeline/Particles/Lit': fallback shader 'Universal Render Pipeline/Particles/SimpleLit' not found
Refreshing native plugins compatible for Editor in 0.53 ms, found 1 plugins.
Preloading 0 native plugins for Editor in 0.00 ms.
Unloading 3258 Unused Serialized files (Serialized files now loaded: 0)
System memory in use before: 144.8 MB.
System memory in use after: 144.9 MB.

Unloading 15 unused Assets to reduce memory usage. Loaded Objects now: 3923.
Total: 3.870900 ms (FindLiveObjects: 0.474600 ms CreateObjectMapping: 0.223000 ms MarkObjects: 3.060500 ms  DeleteObjects: 0.111800 ms)

========================================================================
Received Import Request.
  Time since last request: 18.706378 seconds.
  path: Assets/Sprites/InventoryItem_sprite_atlas.spriteatlas
  artifactKey: Guid(4ffb82821ecccb94db229bb671b0a42b) Importer(815301076,1909f56bfc062723c751e8b465ee728b)
Start importing Assets/Sprites/InventoryItem_sprite_atlas.spriteatlas using Guid(4ffb82821ecccb94db229bb671b0a42b) Importer(815301076,1909f56bfc062723c751e8b465ee728b) Invalid sprite atlas asset encountered when matching atlas for sprite bow 0. Please repack all your sprite atlases.

Invalid sprite atlas asset encountered when matching atlas for sprite bow 1. Please repack all your sprite atlases.

Invalid sprite atlas asset encountered when matching atlas for sprite bow 2. Please repack all your sprite atlases.

Invalid sprite atlas asset encountered when matching atlas for sprite bow 3. Please repack all your sprite atlases.

Invalid sprite atlas asset encountered when matching atlas for sprite bow 4. Please repack all your sprite atlases.

Invalid sprite atlas asset encountered when matching atlas for sprite sword 0. Please repack all your sprite atlases.

Invalid sprite atlas asset encountered when matching atlas for sprite sword 1. Please repack all your sprite atlases.

Invalid sprite atlas asset encountered when matching atlas for sprite sword 2. Please repack all your sprite atlases.

Invalid sprite atlas asset encountered when matching atlas for sprite sword 3. Please repack all your sprite atlases.

Invalid sprite atlas asset encountered when matching atlas for sprite sword 4. Please repack all your sprite atlases.

Invalid sprite atlas asset encountered when matching atlas for sprite sword 5. Please repack all your sprite atlases.

Invalid sprite atlas asset encountered when matching atlas for sprite shield 0. Please repack all your sprite atlases.

Invalid sprite atlas asset encountered when matching atlas for sprite shield 1. Please repack all your sprite atlases.

Invalid sprite atlas asset encountered when matching atlas for sprite shield 2. Please repack all your sprite atlases.

Invalid sprite atlas asset encountered when matching atlas for sprite shield 3. Please repack all your sprite atlases.

Invalid sprite atlas asset encountered when matching atlas for sprite shield 4. Please repack all your sprite atlases.

Invalid sprite atlas asset encountered when matching atlas for sprite potion 0. Please repack all your sprite atlases.

Invalid sprite atlas asset encountered when matching atlas for sprite potion 1. Please repack all your sprite atlases.

Invalid sprite atlas asset encountered when matching atlas for sprite potion 2. Please repack all your sprite atlases.

Invalid sprite atlas asset encountered when matching atlas for sprite potion 3. Please repack all your sprite atlases.

Invalid sprite atlas asset encountered when matching atlas for sprite potion 4. Please repack all your sprite atlases.

Invalid sprite atlas asset encountered when matching atlas for sprite potion 5. Please repack all your sprite atlases.

Invalid sprite atlas asset encountered when matching atlas for sprite potion 6. Please repack all your sprite atlases.

Invalid sprite atlas asset encountered when matching atlas for sprite gold_bag 0. Please repack all your sprite atlases.

Invalid sprite atlas asset encountered when matching atlas for sprite gold_bag 1. Please repack all your sprite atlases.

Invalid sprite atlas asset encountered when matching atlas for sprite gold_bag 2. Please repack all your sprite atlases.

 -> (artifact id: '4cf55e792d3a93299f6095fbb9a5617c') in 0.018178 seconds
  Import took 0.044652 seconds .

========================================================================
Received Import Request.
  Time since last request: 7.942299 seconds.
  path: Assets/Sprites/InventoryItem_sprite_atlas.spriteatlas
  artifactKey: Guid(4ffb82821ecccb94db229bb671b0a42b) Importer(815301076,1909f56bfc062723c751e8b465ee728b)
Start importing Assets/Sprites/InventoryItem_sprite_atlas.spriteatlas using Guid(4ffb82821ecccb94db229bb671b0a42b) Importer(815301076,1909f56bfc062723c751e8b465ee728b)  -> (artifact id: '2180ab264d0fe928367b6df6139155fb') in 0.004003 seconds
  Import took 0.071151 seconds .

========================================================================
Received Prepare
Registering precompiled user dll's ...
Registered in 0.002133 seconds.
Begin MonoManager ReloadAssembly
Native extension for WindowsStandalone target not found
Native extension for WebGL target not found
Refreshing native plugins compatible for Editor in 0.63 ms, found 1 plugins.
Preloading 0 native plugins for Editor in 0.00 ms.
Invoked RoslynAnalysisRunner static constructor.
RoslynAnalysisRunner will not be running.
RoslynAnalysisRunner has terminated.
Mono: successfully reloaded assembly
- Completed reload, in  1.163 seconds
Platform modules already initialized, skipping
Shader 'Universal Render Pipeline/Particles/Lit': fallback shader 'Universal Render Pipeline/Particles/SimpleLit' not found
Refreshing native plugins compatible for Editor in 0.59 ms, found 1 plugins.
Preloading 0 native plugins for Editor in 0.00 ms.
Unloading 3258 Unused Serialized files (Serialized files now loaded: 0)
System memory in use before: 145.0 MB.
System memory in use after: 145.1 MB.

Unloading 15 unused Assets to reduce memory usage. Loaded Objects now: 3926.
Total: 3.144100 ms (FindLiveObjects: 0.335900 ms CreateObjectMapping: 0.214200 ms MarkObjects: 2.474700 ms  DeleteObjects: 0.118000 ms)

========================================================================
Received Prepare
Registering precompiled user dll's ...
Registered in 0.001523 seconds.
Begin MonoManager ReloadAssembly
Native extension for WindowsStandalone target not found
Native extension for WebGL target not found
Refreshing native plugins compatible for Editor in 0.52 ms, found 1 plugins.
Preloading 0 native plugins for Editor in 0.00 ms.
Invoked RoslynAnalysisRunner static constructor.
RoslynAnalysisRunner will not be running.
RoslynAnalysisRunner has terminated.
Mono: successfully reloaded assembly
- Completed reload, in  0.945 seconds
Platform modules already initialized, skipping
Shader 'Universal Render Pipeline/Particles/Lit': fallback shader 'Universal Render Pipeline/Particles/SimpleLit' not found
Refreshing native plugins compatible for Editor in 0.51 ms, found 1 plugins.
Preloading 0 native plugins for Editor in 0.00 ms.
Unloading 3258 Unused Serialized files (Serialized files now loaded: 0)
System memory in use before: 145.0 MB.
System memory in use after: 145.1 MB.

Unloading 14 unused Assets to reduce memory usage. Loaded Objects now: 3929.
Total: 3.205900 ms (FindLiveObjects: 0.429900 ms CreateObjectMapping: 0.195800 ms MarkObjects: 2.463000 ms  DeleteObjects: 0.116400 ms)

========================================================================
Received Prepare
Registering precompiled user dll's ...
Registered in 0.001477 seconds.
Begin MonoManager ReloadAssembly
Native extension for WindowsStandalone target not found
Native extension for WebGL target not found
Refreshing native plugins compatible for Editor in 0.55 ms, found 1 plugins.
Preloading 0 native plugins for Editor in 0.00 ms.
Invoked RoslynAnalysisRunner static constructor.
RoslynAnalysisRunner will not be running.
RoslynAnalysisRunner has terminated.
Mono: successfully reloaded assembly
- Completed reload, in  0.971 seconds
Platform modules already initialized, skipping
Shader 'Universal Render Pipeline/Particles/Lit': fallback shader 'Universal Render Pipeline/Particles/SimpleLit' not found
Refreshing native plugins compatible for Editor in 0.53 ms, found 1 plugins.
Preloading 0 native plugins for Editor in 0.00 ms.
Unloading 3258 Unused Serialized files (Serialized files now loaded: 0)
System memory in use before: 145.0 MB.
System memory in use after: 145.1 MB.

Unloading 14 unused Assets to reduce memory usage. Loaded Objects now: 3932.
Total: 2.889400 ms (FindLiveObjects: 0.320000 ms CreateObjectMapping: 0.146500 ms MarkObjects: 2.310200 ms  DeleteObjects: 0.111700 ms)

========================================================================
Received Prepare
Registering precompiled user dll's ...
Registered in 0.001499 seconds.
Begin MonoManager ReloadAssembly
Native extension for WindowsStandalone target not found
Native extension for WebGL target not found
Refreshing native plugins compatible for Editor in 0.53 ms, found 1 plugins.
Preloading 0 native plugins for Editor in 0.00 ms.
Invoked RoslynAnalysisRunner static constructor.
RoslynAnalysisRunner will not be running.
RoslynAnalysisRunner has terminated.
Mono: successfully reloaded assembly
- Completed reload, in  0.954 seconds
Platform modules already initialized, skipping
Shader 'Universal Render Pipeline/Particles/Lit': fallback shader 'Universal Render Pipeline/Particles/SimpleLit' not found
Refreshing native plugins compatible for Editor in 0.52 ms, found 1 plugins.
Preloading 0 native plugins for Editor in 0.00 ms.
Unloading 3258 Unused Serialized files (Serialized files now loaded: 0)
System memory in use before: 145.0 MB.
System memory in use after: 145.1 MB.

Unloading 14 unused Assets to reduce memory usage. Loaded Objects now: 3935.
Total: 2.841000 ms (FindLiveObjects: 0.299400 ms CreateObjectMapping: 0.151300 ms MarkObjects: 2.284000 ms  DeleteObjects: 0.105500 ms)

========================================================================
Received Prepare
Registering precompiled user dll's ...
Registered in 0.001980 seconds.
Begin MonoManager ReloadAssembly
Native extension for WindowsStandalone target not found
Native extension for WebGL target not found
Refreshing native plugins compatible for Editor in 0.58 ms, found 4 plugins.
Preloading 0 native plugins for Editor in 0.00 ms.
Invoked RoslynAnalysisRunner static constructor.
RoslynAnalysisRunner will not be running.
RoslynAnalysisRunner has terminated.
Mono: successfully reloaded assembly
- Completed reload, in  0.968 seconds
Platform modules already initialized, skipping
Shader 'Universal Render Pipeline/Particles/Lit': fallback shader 'Universal Render Pipeline/Particles/SimpleLit' not found
Refreshing native plugins compatible for Editor in 0.63 ms, found 4 plugins.
Preloading 0 native plugins for Editor in 0.00 ms.
Unloading 3401 Unused Serialized files (Serialized files now loaded: 0)
System memory in use before: 149.2 MB.
System memory in use after: 149.2 MB.

Unloading 27 unused Assets to reduce memory usage. Loaded Objects now: 4068.
Total: 2.754700 ms (FindLiveObjects: 0.310100 ms CreateObjectMapping: 0.170500 ms MarkObjects: 2.094600 ms  DeleteObjects: 0.178600 ms)

========================================================================
Received Prepare
Registering precompiled user dll's ...
Registered in 0.002080 seconds.
Begin MonoManager ReloadAssembly
Native extension for WindowsStandalone target not found
Native extension for WebGL target not found
Refreshing native plugins compatible for Editor in 0.62 ms, found 4 plugins.
Preloading 0 native plugins for Editor in 0.00 ms.
Invoked RoslynAnalysisRunner static constructor.
RoslynAnalysisRunner will not be running.
RoslynAnalysisRunner has terminated.
Mono: successfully reloaded assembly
- Completed reload, in  0.947 seconds
Platform modules already initialized, skipping
Shader 'Universal Render Pipeline/Particles/Lit': fallback shader 'Universal Render Pipeline/Particles/SimpleLit' not found
Refreshing native plugins compatible for Editor in 0.59 ms, found 4 plugins.
Preloading 0 native plugins for Editor in 0.00 ms.
Unloading 3401 Unused Serialized files (Serialized files now loaded: 0)
System memory in use before: 149.2 MB.
System memory in use after: 149.2 MB.

Unloading 27 unused Assets to reduce memory usage. Loaded Objects now: 4071.
Total: 4.196700 ms (FindLiveObjects: 0.320400 ms CreateObjectMapping: 0.164400 ms MarkObjects: 3.501000 ms  DeleteObjects: 0.210000 ms)

========================================================================
Received Prepare
Registering precompiled user dll's ...
Registered in 0.001952 seconds.
Begin MonoManager ReloadAssembly
Native extension for WindowsStandalone target not found
Native extension for WebGL target not found
Refreshing native plugins compatible for Editor in 0.58 ms, found 4 plugins.
Preloading 0 native plugins for Editor in 0.00 ms.
Invoked RoslynAnalysisRunner static constructor.
RoslynAnalysisRunner will not be running.
RoslynAnalysisRunner has terminated.
Mono: successfully reloaded assembly
- Completed reload, in  0.945 seconds
Platform modules already initialized, skipping
Shader 'Universal Render Pipeline/Particles/Lit': fallback shader 'Universal Render Pipeline/Particles/SimpleLit' not found
Refreshing native plugins compatible for Editor in 0.61 ms, found 4 plugins.
Preloading 0 native plugins for Editor in 0.00 ms.
Unloading 3401 Unused Serialized files (Serialized files now loaded: 0)
System memory in use before: 149.3 MB.
System memory in use after: 149.2 MB.

Unloading 27 unused Assets to reduce memory usage. Loaded Objects now: 4074.
Total: 3.274900 ms (FindLiveObjects: 0.386200 ms CreateObjectMapping: 0.234800 ms MarkObjects: 2.458000 ms  DeleteObjects: 0.194500 ms)

========================================================================
Received Prepare
Registering precompiled user dll's ...
Registered in 0.001959 seconds.
Begin MonoManager ReloadAssembly
Native extension for WindowsStandalone target not found
Native extension for WebGL target not found
Refreshing native plugins compatible for Editor in 0.57 ms, found 4 plugins.
Preloading 0 native plugins for Editor in 0.00 ms.
Invoked RoslynAnalysisRunner static constructor.
RoslynAnalysisRunner will not be running.
RoslynAnalysisRunner has terminated.
Mono: successfully reloaded assembly
- Completed reload, in  0.969 seconds
Platform modules already initialized, skipping
Shader 'Universal Render Pipeline/Particles/Lit': fallback shader 'Universal Render Pipeline/Particles/SimpleLit' not found
Refreshing native plugins compatible for Editor in 0.61 ms, found 4 plugins.
Preloading 0 native plugins for Editor in 0.00 ms.
Unloading 3401 Unused Serialized files (Serialized files now loaded: 0)
System memory in use before: 149.3 MB.
System memory in use after: 149.2 MB.

Unloading 27 unused Assets to reduce memory usage. Loaded Objects now: 4077.
Total: 2.915100 ms (FindLiveObjects: 0.327700 ms CreateObjectMapping: 0.177100 ms MarkObjects: 2.208800 ms  DeleteObjects: 0.199900 ms)

========================================================================
Received Prepare
Registering precompiled user dll's ...
Registered in 0.002069 seconds.
Begin MonoManager ReloadAssembly
Native extension for WindowsStandalone target not found
Native extension for WebGL target not found
Refreshing native plugins compatible for Editor in 0.59 ms, found 4 plugins.
Preloading 0 native plugins for Editor in 0.00 ms.
Invoked RoslynAnalysisRunner static constructor.
RoslynAnalysisRunner will not be running.
RoslynAnalysisRunner has terminated.
Mono: successfully reloaded assembly
- Completed reload, in  0.964 seconds
Platform modules already initialized, skipping
Shader 'Universal Render Pipeline/Particles/Lit': fallback shader 'Universal Render Pipeline/Particles/SimpleLit' not found
Refreshing native plugins compatible for Editor in 0.61 ms, found 4 plugins.
Preloading 0 native plugins for Editor in 0.00 ms.
Unloading 3401 Unused Serialized files (Serialized files now loaded: 0)
System memory in use before: 149.3 MB.
System memory in use after: 149.2 MB.

Unloading 27 unused Assets to reduce memory usage. Loaded Objects now: 4080.
Total: 2.824000 ms (FindLiveObjects: 0.307900 ms CreateObjectMapping: 0.165400 ms MarkObjects: 2.153400 ms  DeleteObjects: 0.196600 ms)

========================================================================
Received Prepare
Registering precompiled user dll's ...
Registered in 0.002017 seconds.
Begin MonoManager ReloadAssembly
Native extension for WindowsStandalone target not found
Native extension for WebGL target not found
Refreshing native plugins compatible for Editor in 0.60 ms, found 4 plugins.
Preloading 0 native plugins for Editor in 0.00 ms.
Invoked RoslynAnalysisRunner static constructor.
RoslynAnalysisRunner will not be running.
RoslynAnalysisRunner has terminated.
Mono: successfully reloaded assembly
- Completed reload, in  0.972 seconds
Platform modules already initialized, skipping
Shader 'Universal Render Pipeline/Particles/Lit': fallback shader 'Universal Render Pipeline/Particles/SimpleLit' not found
Refreshing native plugins compatible for Editor in 0.58 ms, found 4 plugins.
Preloading 0 native plugins for Editor in 0.00 ms.
Unloading 3401 Unused Serialized files (Serialized files now loaded: 0)
System memory in use before: 149.3 MB.
System memory in use after: 149.2 MB.

Unloading 27 unused Assets to reduce memory usage. Loaded Objects now: 4083.
Total: 2.830200 ms (FindLiveObjects: 0.313600 ms CreateObjectMapping: 0.175000 ms MarkObjects: 2.143800 ms  DeleteObjects: 0.196400 ms)

AssetImportWorkerClient::OnTransportError - code=2 error=End of file
