Using pre-set license
Built from '2020.2/staging' branch; Version is '2020.2.3f1 (8ff31bc5bf5b) revision 9433883'; Using compiler version '192528614'; Build Type 'Release'
OS: 'Windows 10 Home Single Language; OS build 19042.985; Version 2009; 64bit' Language: 'en' Physical Memory: 16229 MB
BatchMode: 1, IsHumanControllingUs: 0, StartBugReporterOnCrash: 0, Is64bit: 1, IsPro: 0

 COMMAND LINE ARGUMENTS:
C:\Program Files\Unity\Hub\Editor\2020.2.3f1\Editor\Unity.exe
-adb2
-batchMode
-noUpm
-name
AssetImportWorker0
-projectPath
D:/Unity Games/Scriptable Object Inventory System Medium
-logFile
Logs/AssetImportWorker0.log
-srvPort
61129
Successfully changed project path to: D:/Unity Games/Scriptable Object Inventory System Medium
D:/Unity Games/Scriptable Object Inventory System Medium
Using Asset Import Pipeline V2.
Refreshing native plugins compatible for Editor in 55.65 ms, found 1 plugins.
Preloading 0 native plugins for Editor in 0.00 ms.
Initialize engine version: 2020.2.3f1 (8ff31bc5bf5b)
[Subsystems] Discovering subsystems at path C:/Program Files/Unity/Hub/Editor/2020.2.3f1/Editor/Data/Resources/UnitySubsystems
[Subsystems] Discovering subsystems at path D:/Unity Games/Scriptable Object Inventory System Medium/Assets
GfxDevice: creating device client; threaded=0
Direct3D:
    Version:  Direct3D 11.0 [level 11.1]
    Renderer: NVIDIA GeForce GTX 1070 (ID=0x1ba1)
    Vendor:   
    VRAM:     8081 MB
    Driver:   27.21.14.6089
Shader 'Universal Render Pipeline/Particles/Lit': fallback shader 'Universal Render Pipeline/Particles/SimpleLit' not found
Initialize mono
Mono path[0] = 'C:/Program Files/Unity/Hub/Editor/2020.2.3f1/Editor/Data/Managed'
Mono path[1] = 'C:/Program Files/Unity/Hub/Editor/2020.2.3f1/Editor/Data/MonoBleedingEdge/lib/mono/unityjit'
Mono config path = 'C:/Program Files/Unity/Hub/Editor/2020.2.3f1/Editor/Data/MonoBleedingEdge/etc'
Using monoOptions --debugger-agent=transport=dt_socket,embedding=1,server=y,suspend=n,address=127.0.0.1:56600
Begin MonoManager ReloadAssembly
Registering precompiled unity dll's ...
Register platform support module: C:/Program Files/Unity/Hub/Editor/2020.2.3f1/Editor/Data/PlaybackEngines/WebGLSupport/UnityEditor.WebGL.Extensions.dll
Register platform support module: C:/Program Files/Unity/Hub/Editor/2020.2.3f1/Editor/Data/PlaybackEngines/WindowsStandaloneSupport/UnityEditor.WindowsStandalone.Extensions.dll
Registered in 0.002552 seconds.
Native extension for WindowsStandalone target not found
Native extension for WebGL target not found
Refreshing native plugins compatible for Editor in 53.72 ms, found 1 plugins.
Preloading 0 native plugins for Editor in 0.00 ms.
Invoked RoslynAnalysisRunner static constructor.
RoslynAnalysisRunner will not be running.
RoslynAnalysisRunner has terminated.
Mono: successfully reloaded assembly
- Completed reload, in  1.976 seconds
Platform modules already initialized, skipping
Registering precompiled user dll's ...
Registered in 0.001217 seconds.
Begin MonoManager ReloadAssembly
Native extension for WindowsStandalone target not found
Native extension for WebGL target not found
Refreshing native plugins compatible for Editor in 54.60 ms, found 1 plugins.
Preloading 0 native plugins for Editor in 0.00 ms.
Invoked RoslynAnalysisRunner static constructor.
RoslynAnalysisRunner will not be running.
RoslynAnalysisRunner has terminated.
Mono: successfully reloaded assembly
- Completed reload, in  1.058 seconds
Platform modules already initialized, skipping
========================================================================
Worker process is ready to serve import requests
Shader 'Universal Render Pipeline/Particles/Lit': fallback shader 'Universal Render Pipeline/Particles/SimpleLit' not found
Launched and connected shader compiler UnityShaderCompiler.exe after 0.06 seconds
Refreshing native plugins compatible for Editor in 0.51 ms, found 1 plugins.
Preloading 0 native plugins for Editor in 0.00 ms.
Unloading 3369 Unused Serialized files (Serialized files now loaded: 0)
System memory in use before: 145.0 MB.
System memory in use after: 145.0 MB.

Unloading 25 unused Assets to reduce memory usage. Loaded Objects now: 3839.
Total: 2.642900 ms (FindLiveObjects: 0.303800 ms CreateObjectMapping: 0.124700 ms MarkObjects: 2.078400 ms  DeleteObjects: 0.134600 ms)

========================================================================
Received Import Request.
  path: Assets/TextMesh Pro
  artifactKey: Guid(f54d1bd14bd3ca042bd867b519fee8cc) Importer(815301076,1909f56bfc062723c751e8b465ee728b)
Start importing Assets/TextMesh Pro using Guid(f54d1bd14bd3ca042bd867b519fee8cc) Importer(815301076,1909f56bfc062723c751e8b465ee728b)  -> (artifact id: '5e7a35b20df66958a2dfa0bec82de609') in 0.011789 seconds
  Import took 0.141117 seconds .

========================================================================
Received Import Request.
  Time since last request: 8.512213 seconds.
  path: Assets/ScriptableObjects
  artifactKey: Guid(2a52334d3558f8f498b6f2851ec59645) Importer(815301076,1909f56bfc062723c751e8b465ee728b)
Start importing Assets/ScriptableObjects using Guid(2a52334d3558f8f498b6f2851ec59645) Importer(815301076,1909f56bfc062723c751e8b465ee728b)  -> (artifact id: 'dd752a7f5d200cecab5fff84cdf0c414') in 0.008119 seconds
  Import took 0.046586 seconds .

========================================================================
Received Import Request.
  Time since last request: 129.130946 seconds.
  path: Assets/ScriptableObjects/Potion.cs
  artifactKey: Guid(075bf8d32b1d924428888fd9dde644d6) Importer(815301076,1909f56bfc062723c751e8b465ee728b)
Start importing Assets/ScriptableObjects/Potion.cs using Guid(075bf8d32b1d924428888fd9dde644d6) Importer(815301076,1909f56bfc062723c751e8b465ee728b)  -> (artifact id: '6ae585d8a9b6ee4e87ff2c5c0f27aebc') in 0.037632 seconds
  Import took 0.174009 seconds .

========================================================================
Received Prepare
Registering precompiled user dll's ...
Registered in 0.001319 seconds.
Begin MonoManager ReloadAssembly
Native extension for WindowsStandalone target not found
Native extension for WebGL target not found
Refreshing native plugins compatible for Editor in 0.50 ms, found 1 plugins.
Preloading 0 native plugins for Editor in 0.00 ms.
Invoked RoslynAnalysisRunner static constructor.
RoslynAnalysisRunner will not be running.
RoslynAnalysisRunner has terminated.
Mono: successfully reloaded assembly
- Completed reload, in  0.982 seconds
Platform modules already initialized, skipping
Shader 'Universal Render Pipeline/Particles/Lit': fallback shader 'Universal Render Pipeline/Particles/SimpleLit' not found
Refreshing native plugins compatible for Editor in 0.50 ms, found 1 plugins.
Preloading 0 native plugins for Editor in 0.00 ms.
Unloading 3222 Unused Serialized files (Serialized files now loaded: 0)
System memory in use before: 137.4 MB.
System memory in use after: 137.5 MB.

Unloading 13 unused Assets to reduce memory usage. Loaded Objects now: 3843.
Total: 3.052600 ms (FindLiveObjects: 0.335300 ms CreateObjectMapping: 0.226700 ms MarkObjects: 2.386900 ms  DeleteObjects: 0.102300 ms)

========================================================================
Received Prepare
Registering precompiled user dll's ...
Registered in 0.001296 seconds.
Begin MonoManager ReloadAssembly
Native extension for WindowsStandalone target not found
Native extension for WebGL target not found
Refreshing native plugins compatible for Editor in 0.51 ms, found 1 plugins.
Preloading 0 native plugins for Editor in 0.00 ms.
Invoked RoslynAnalysisRunner static constructor.
RoslynAnalysisRunner will not be running.
RoslynAnalysisRunner has terminated.
Mono: successfully reloaded assembly
- Completed reload, in  0.954 seconds
Platform modules already initialized, skipping
Shader 'Universal Render Pipeline/Particles/Lit': fallback shader 'Universal Render Pipeline/Particles/SimpleLit' not found
Refreshing native plugins compatible for Editor in 0.64 ms, found 1 plugins.
Preloading 0 native plugins for Editor in 0.00 ms.
Unloading 3222 Unused Serialized files (Serialized files now loaded: 0)
System memory in use before: 137.4 MB.
System memory in use after: 137.5 MB.

Unloading 13 unused Assets to reduce memory usage. Loaded Objects now: 3846.
Total: 3.174100 ms (FindLiveObjects: 0.306900 ms CreateObjectMapping: 0.135700 ms MarkObjects: 2.627200 ms  DeleteObjects: 0.103200 ms)

========================================================================
Received Import Request.
  Time since last request: 194.396733 seconds.
  path: Assets/ScriptableObjects/Potion.cs
  artifactKey: Guid(075bf8d32b1d924428888fd9dde644d6) Importer(815301076,1909f56bfc062723c751e8b465ee728b)
Start importing Assets/ScriptableObjects/Potion.cs using Guid(075bf8d32b1d924428888fd9dde644d6) Importer(815301076,1909f56bfc062723c751e8b465ee728b)  -> (artifact id: '4a5091b4b79a05f264c66db5ee8e7d32') in 0.004734 seconds
  Import took 0.010661 seconds .

========================================================================
Received Import Request.
  Time since last request: 15.240967 seconds.
  path: Assets/ScriptableObjects/HealthPotion.cs
  artifactKey: Guid(0deaa6c8e737be042bffeed28389f911) Importer(815301076,1909f56bfc062723c751e8b465ee728b)
Start importing Assets/ScriptableObjects/HealthPotion.cs using Guid(0deaa6c8e737be042bffeed28389f911) Importer(815301076,1909f56bfc062723c751e8b465ee728b)  -> (artifact id: '21fa08bec45c5ca4c4d44c640d26f25e') in 0.006686 seconds
  Import took 0.013631 seconds .

========================================================================
Received Import Request.
  Time since last request: 0.003709 seconds.
  path: Assets/ScriptableObjects/HealthPotion.cs
  artifactKey: Guid(0deaa6c8e737be042bffeed28389f911) Importer(815301076,1909f56bfc062723c751e8b465ee728b)
Start importing Assets/ScriptableObjects/HealthPotion.cs using Guid(0deaa6c8e737be042bffeed28389f911) Importer(815301076,1909f56bfc062723c751e8b465ee728b)  -> (artifact id: '21fa08bec45c5ca4c4d44c640d26f25e') in 0.002135 seconds
  Import took 0.008820 seconds .

========================================================================
Received Prepare
Registering precompiled user dll's ...
Registered in 0.001255 seconds.
Begin MonoManager ReloadAssembly
Native extension for WindowsStandalone target not found
Native extension for WebGL target not found
Refreshing native plugins compatible for Editor in 0.51 ms, found 1 plugins.
Preloading 0 native plugins for Editor in 0.00 ms.
Invoked RoslynAnalysisRunner static constructor.
RoslynAnalysisRunner will not be running.
RoslynAnalysisRunner has terminated.
Mono: successfully reloaded assembly
- Completed reload, in  0.990 seconds
Platform modules already initialized, skipping
Shader 'Universal Render Pipeline/Particles/Lit': fallback shader 'Universal Render Pipeline/Particles/SimpleLit' not found
Refreshing native plugins compatible for Editor in 0.50 ms, found 1 plugins.
Preloading 0 native plugins for Editor in 0.00 ms.
Unloading 3223 Unused Serialized files (Serialized files now loaded: 0)
System memory in use before: 137.5 MB.
System memory in use after: 137.6 MB.

Unloading 13 unused Assets to reduce memory usage. Loaded Objects now: 3850.
Total: 3.560900 ms (FindLiveObjects: 0.450300 ms CreateObjectMapping: 0.266300 ms MarkObjects: 2.730400 ms  DeleteObjects: 0.112500 ms)

========================================================================
Received Import Request.
  Time since last request: 13.587086 seconds.
  path: Assets/ScriptableObjects/ManaPotion.cs
  artifactKey: Guid(352e37a13c5716a4f842f7565ba906f0) Importer(815301076,1909f56bfc062723c751e8b465ee728b)
Start importing Assets/ScriptableObjects/ManaPotion.cs using Guid(352e37a13c5716a4f842f7565ba906f0) Importer(815301076,1909f56bfc062723c751e8b465ee728b)  -> (artifact id: 'c78e42ba21b5c203b319fad15759e6e0') in 0.010761 seconds
  Import took 0.101985 seconds .

========================================================================
Received Prepare
Registering precompiled user dll's ...
Registered in 0.001316 seconds.
Begin MonoManager ReloadAssembly
Native extension for WindowsStandalone target not found
Native extension for WebGL target not found
Refreshing native plugins compatible for Editor in 0.50 ms, found 1 plugins.
Preloading 0 native plugins for Editor in 0.00 ms.
Invoked RoslynAnalysisRunner static constructor.
RoslynAnalysisRunner will not be running.
RoslynAnalysisRunner has terminated.
Mono: successfully reloaded assembly
- Completed reload, in  0.945 seconds
Platform modules already initialized, skipping
Shader 'Universal Render Pipeline/Particles/Lit': fallback shader 'Universal Render Pipeline/Particles/SimpleLit' not found
Refreshing native plugins compatible for Editor in 0.51 ms, found 1 plugins.
Preloading 0 native plugins for Editor in 0.00 ms.
Unloading 3224 Unused Serialized files (Serialized files now loaded: 0)
System memory in use before: 137.5 MB.
System memory in use after: 137.6 MB.

Unloading 13 unused Assets to reduce memory usage. Loaded Objects now: 3854.
Total: 3.133300 ms (FindLiveObjects: 0.313600 ms CreateObjectMapping: 0.170600 ms MarkObjects: 2.543400 ms  DeleteObjects: 0.105000 ms)

========================================================================
Received Import Request.
  Time since last request: 13.011078 seconds.
  path: Assets/ScriptableObjects/StaminaPotion.cs
  artifactKey: Guid(ba0a12c83e2e8b04a8ad991d1170e79c) Importer(815301076,1909f56bfc062723c751e8b465ee728b)
Start importing Assets/ScriptableObjects/StaminaPotion.cs using Guid(ba0a12c83e2e8b04a8ad991d1170e79c) Importer(815301076,1909f56bfc062723c751e8b465ee728b)  -> (artifact id: '0d5bd69a06322d806a02a7d3da399aff') in 0.009742 seconds
  Import took 0.491216 seconds .

========================================================================
Received Prepare
Registering precompiled user dll's ...
Registered in 0.001313 seconds.
Begin MonoManager ReloadAssembly
Native extension for WindowsStandalone target not found
Native extension for WebGL target not found
Refreshing native plugins compatible for Editor in 0.53 ms, found 1 plugins.
Preloading 0 native plugins for Editor in 0.00 ms.
Invoked RoslynAnalysisRunner static constructor.
RoslynAnalysisRunner will not be running.
RoslynAnalysisRunner has terminated.
Mono: successfully reloaded assembly
- Completed reload, in  0.962 seconds
Platform modules already initialized, skipping
Shader 'Universal Render Pipeline/Particles/Lit': fallback shader 'Universal Render Pipeline/Particles/SimpleLit' not found
Refreshing native plugins compatible for Editor in 0.58 ms, found 1 plugins.
Preloading 0 native plugins for Editor in 0.00 ms.
Unloading 3225 Unused Serialized files (Serialized files now loaded: 0)
System memory in use before: 137.6 MB.
System memory in use after: 137.7 MB.

Unloading 13 unused Assets to reduce memory usage. Loaded Objects now: 3858.
Total: 2.811100 ms (FindLiveObjects: 0.353800 ms CreateObjectMapping: 0.250700 ms MarkObjects: 2.087400 ms  DeleteObjects: 0.117500 ms)

========================================================================
Received Prepare
Registering precompiled user dll's ...
Registered in 0.001429 seconds.
Begin MonoManager ReloadAssembly
Native extension for WindowsStandalone target not found
Native extension for WebGL target not found
Refreshing native plugins compatible for Editor in 0.50 ms, found 1 plugins.
Preloading 0 native plugins for Editor in 0.00 ms.
Invoked RoslynAnalysisRunner static constructor.
RoslynAnalysisRunner will not be running.
RoslynAnalysisRunner has terminated.
Mono: successfully reloaded assembly
- Completed reload, in  0.935 seconds
Platform modules already initialized, skipping
Shader 'Universal Render Pipeline/Particles/Lit': fallback shader 'Universal Render Pipeline/Particles/SimpleLit' not found
Refreshing native plugins compatible for Editor in 0.51 ms, found 1 plugins.
Preloading 0 native plugins for Editor in 0.00 ms.
Unloading 3225 Unused Serialized files (Serialized files now loaded: 0)
System memory in use before: 137.6 MB.
System memory in use after: 137.7 MB.

Unloading 13 unused Assets to reduce memory usage. Loaded Objects now: 3861.
Total: 2.812300 ms (FindLiveObjects: 0.309100 ms CreateObjectMapping: 0.174600 ms MarkObjects: 2.214900 ms  DeleteObjects: 0.112600 ms)

========================================================================
Received Import Request.
  Time since last request: 284.029612 seconds.
  path: Assets/ScriptableObjects/InventoryItem.cs
  artifactKey: Guid(f2823d00cbb8cc64fb553f06fa8c78f4) Importer(815301076,1909f56bfc062723c751e8b465ee728b)
Start importing Assets/ScriptableObjects/InventoryItem.cs using Guid(f2823d00cbb8cc64fb553f06fa8c78f4) Importer(815301076,1909f56bfc062723c751e8b465ee728b)  -> (artifact id: '3cbee8537e3322feb711bf6320f29008') in 0.011489 seconds
  Import took 0.113617 seconds .

========================================================================
Received Prepare
Registering precompiled user dll's ...
Registered in 0.001263 seconds.
Begin MonoManager ReloadAssembly
Native extension for WindowsStandalone target not found
Native extension for WebGL target not found
Refreshing native plugins compatible for Editor in 0.52 ms, found 1 plugins.
Preloading 0 native plugins for Editor in 0.00 ms.
Invoked RoslynAnalysisRunner static constructor.
RoslynAnalysisRunner will not be running.
RoslynAnalysisRunner has terminated.
Mono: successfully reloaded assembly
- Completed reload, in  0.992 seconds
Platform modules already initialized, skipping
Shader 'Universal Render Pipeline/Particles/Lit': fallback shader 'Universal Render Pipeline/Particles/SimpleLit' not found
Refreshing native plugins compatible for Editor in 0.52 ms, found 1 plugins.
Preloading 0 native plugins for Editor in 0.00 ms.
Unloading 3226 Unused Serialized files (Serialized files now loaded: 0)
System memory in use before: 137.6 MB.
System memory in use after: 137.7 MB.

Unloading 13 unused Assets to reduce memory usage. Loaded Objects now: 3865.
Total: 3.229900 ms (FindLiveObjects: 0.437900 ms CreateObjectMapping: 0.199500 ms MarkObjects: 2.474900 ms  DeleteObjects: 0.116400 ms)

========================================================================
Received Prepare
Registering precompiled user dll's ...
Registered in 0.001251 seconds.
Begin MonoManager ReloadAssembly
Native extension for WindowsStandalone target not found
Native extension for WebGL target not found
Refreshing native plugins compatible for Editor in 0.50 ms, found 1 plugins.
Preloading 0 native plugins for Editor in 0.00 ms.
Invoked RoslynAnalysisRunner static constructor.
RoslynAnalysisRunner will not be running.
RoslynAnalysisRunner has terminated.
Mono: successfully reloaded assembly
- Completed reload, in  0.986 seconds
Platform modules already initialized, skipping
Shader 'Universal Render Pipeline/Particles/Lit': fallback shader 'Universal Render Pipeline/Particles/SimpleLit' not found
Refreshing native plugins compatible for Editor in 0.52 ms, found 1 plugins.
Preloading 0 native plugins for Editor in 0.00 ms.
Unloading 3226 Unused Serialized files (Serialized files now loaded: 0)
System memory in use before: 137.6 MB.
System memory in use after: 137.7 MB.

Unloading 13 unused Assets to reduce memory usage. Loaded Objects now: 3868.
Total: 3.048700 ms (FindLiveObjects: 0.356000 ms CreateObjectMapping: 0.156000 ms MarkObjects: 2.420400 ms  DeleteObjects: 0.114200 ms)

========================================================================
Received Import Request.
  Time since last request: 1020.613642 seconds.
  path: Assets/ScriptableObjects/InventoryItem.cs
  artifactKey: Guid(f2823d00cbb8cc64fb553f06fa8c78f4) Importer(815301076,1909f56bfc062723c751e8b465ee728b)
Start importing Assets/ScriptableObjects/InventoryItem.cs using Guid(f2823d00cbb8cc64fb553f06fa8c78f4) Importer(815301076,1909f56bfc062723c751e8b465ee728b)  -> (artifact id: 'af18fc8915dacc12d635854ec7812afb') in 0.004786 seconds
  Import took 0.178745 seconds .

========================================================================
Received Prepare
Registering precompiled user dll's ...
Registered in 0.001230 seconds.
Begin MonoManager ReloadAssembly
Native extension for WindowsStandalone target not found
Native extension for WebGL target not found
Refreshing native plugins compatible for Editor in 0.53 ms, found 1 plugins.
Preloading 0 native plugins for Editor in 0.00 ms.
Invoked RoslynAnalysisRunner static constructor.
RoslynAnalysisRunner will not be running.
RoslynAnalysisRunner has terminated.
Mono: successfully reloaded assembly
- Completed reload, in  0.936 seconds
Platform modules already initialized, skipping
Shader 'Universal Render Pipeline/Particles/Lit': fallback shader 'Universal Render Pipeline/Particles/SimpleLit' not found
Refreshing native plugins compatible for Editor in 0.50 ms, found 1 plugins.
Preloading 0 native plugins for Editor in 0.00 ms.
Unloading 3226 Unused Serialized files (Serialized files now loaded: 0)
System memory in use before: 137.6 MB.
System memory in use after: 137.7 MB.

Unloading 13 unused Assets to reduce memory usage. Loaded Objects now: 3871.
Total: 3.135600 ms (FindLiveObjects: 0.367200 ms CreateObjectMapping: 0.212100 ms MarkObjects: 2.434500 ms  DeleteObjects: 0.119800 ms)

========================================================================
Received Import Request.
  Time since last request: 57.566747 seconds.
  path: Assets/ScriptableObjects/InventoryItems
  artifactKey: Guid(8d8c66becdbcc824eb40490791470332) Importer(815301076,1909f56bfc062723c751e8b465ee728b)
Start importing Assets/ScriptableObjects/InventoryItems using Guid(8d8c66becdbcc824eb40490791470332) Importer(815301076,1909f56bfc062723c751e8b465ee728b)  -> (artifact id: 'db6ef2b86ea91370f04f2c4d88b30f56') in 0.010545 seconds
  Import took 0.017452 seconds .

========================================================================
Received Import Request.
  Time since last request: 6.640639 seconds.
  path: Assets/ScriptableObjects/InventoryItems/Potions
  artifactKey: Guid(e1ab59aaf879b364d9ec7887de08ac7b) Importer(815301076,1909f56bfc062723c751e8b465ee728b)
Start importing Assets/ScriptableObjects/InventoryItems/Potions using Guid(e1ab59aaf879b364d9ec7887de08ac7b) Importer(815301076,1909f56bfc062723c751e8b465ee728b)  -> (artifact id: '7a4a8e96fbd98cec994525dd8f027466') in 0.007605 seconds
  Import took 0.013095 seconds .

========================================================================
Received Import Request.
  Time since last request: 15.831318 seconds.
  path: Assets/ScriptableObjects/InventoryItems/Potions/HealthPotion.asset
  artifactKey: Guid(d91cb23f3784bdb49b67c17e0769bd9b) Importer(815301076,1909f56bfc062723c751e8b465ee728b)
Start importing Assets/ScriptableObjects/InventoryItems/Potions/HealthPotion.asset using Guid(d91cb23f3784bdb49b67c17e0769bd9b) Importer(815301076,1909f56bfc062723c751e8b465ee728b)  -> (artifact id: 'cd60c02243ded85cf6f6032e88824fd9') in 0.018799 seconds
  Import took 0.147118 seconds .

========================================================================
Received Import Request.
  Time since last request: 60.836501 seconds.
  path: Assets/ScriptableObjects/InventoryItems/Potions/ManaPotion.asset
  artifactKey: Guid(44169687d231b8749a3a7d1de3c89593) Importer(815301076,1909f56bfc062723c751e8b465ee728b)
Start importing Assets/ScriptableObjects/InventoryItems/Potions/ManaPotion.asset using Guid(44169687d231b8749a3a7d1de3c89593) Importer(815301076,1909f56bfc062723c751e8b465ee728b)  -> (artifact id: '2943800ee2eccb74a8ea0bfb49db2c96') in 0.002471 seconds
  Import took 0.260771 seconds .

========================================================================
Received Import Request.
  Time since last request: 15.012949 seconds.
  path: Assets/ScriptableObjects/InventoryItems/Potions/NewBehaviourScript.cs
  artifactKey: Guid(b98631a8146068a49b160fe89c3e39cf) Importer(815301076,1909f56bfc062723c751e8b465ee728b)
Start importing Assets/ScriptableObjects/InventoryItems/Potions/NewBehaviourScript.cs using Guid(b98631a8146068a49b160fe89c3e39cf) Importer(815301076,1909f56bfc062723c751e8b465ee728b)  -> (artifact id: '01393c330806ed447e132fbbf5839a8c') in 0.008247 seconds
  Import took 0.014165 seconds .

========================================================================
Received Import Request.
  Time since last request: 2.719374 seconds.
  path: Assets/ScriptableObjects/HealthPotion.cs
  artifactKey: Guid(0deaa6c8e737be042bffeed28389f911) Importer(815301076,1909f56bfc062723c751e8b465ee728b)
Start importing Assets/ScriptableObjects/HealthPotion.cs using Guid(0deaa6c8e737be042bffeed28389f911) Importer(815301076,1909f56bfc062723c751e8b465ee728b)  -> (artifact id: '4bea8789784126cb25884cdface64fc7') in 0.001981 seconds
  Import took 0.028021 seconds .

========================================================================
Received Prepare
Registering precompiled user dll's ...
Registered in 0.001256 seconds.
Begin MonoManager ReloadAssembly
Native extension for WindowsStandalone target not found
Native extension for WebGL target not found
Refreshing native plugins compatible for Editor in 0.53 ms, found 1 plugins.
Preloading 0 native plugins for Editor in 0.00 ms.
Invoked RoslynAnalysisRunner static constructor.
RoslynAnalysisRunner will not be running.
RoslynAnalysisRunner has terminated.
Mono: successfully reloaded assembly
- Completed reload, in  0.949 seconds
Platform modules already initialized, skipping
Shader 'Universal Render Pipeline/Particles/Lit': fallback shader 'Universal Render Pipeline/Particles/SimpleLit' not found
Refreshing native plugins compatible for Editor in 0.52 ms, found 1 plugins.
Preloading 0 native plugins for Editor in 0.00 ms.
Unloading 3226 Unused Serialized files (Serialized files now loaded: 0)
System memory in use before: 137.6 MB.
System memory in use after: 137.8 MB.

Unloading 13 unused Assets to reduce memory usage. Loaded Objects now: 3874.
Total: 3.300100 ms (FindLiveObjects: 0.465200 ms CreateObjectMapping: 0.298800 ms MarkObjects: 2.414200 ms  DeleteObjects: 0.120300 ms)

========================================================================
Received Import Request.
  Time since last request: 19.391570 seconds.
  path: Assets/ScriptableObjects/InventoryItems/Potions/NewStaminaPotion.asset
  artifactKey: Guid(ae0932bd441253b49b9c165f253af0f3) Importer(815301076,1909f56bfc062723c751e8b465ee728b)
Start importing Assets/ScriptableObjects/InventoryItems/Potions/NewStaminaPotion.asset using Guid(ae0932bd441253b49b9c165f253af0f3) Importer(815301076,1909f56bfc062723c751e8b465ee728b)  -> (artifact id: '5f2b2f19e7643407fd5f88b3d96ce6c2') in 0.019807 seconds
  Import took 0.041854 seconds .

========================================================================
Received Import Request.
  Time since last request: 32.210632 seconds.
  path: Assets/ScriptableObjects/InventoryItems/Potions/StaminaPotion.asset
  artifactKey: Guid(60f354c2364a3d34cade96080ed9ebd3) Importer(815301076,1909f56bfc062723c751e8b465ee728b)
Start importing Assets/ScriptableObjects/InventoryItems/Potions/StaminaPotion.asset using Guid(60f354c2364a3d34cade96080ed9ebd3) Importer(815301076,1909f56bfc062723c751e8b465ee728b)  -> (artifact id: 'cf683529bd7ff18684be7228780041b1') in 0.001980 seconds
  Import took 0.031020 seconds .

========================================================================
Received Import Request.
  Time since last request: 19.022659 seconds.
  path: Assets/ScriptableObjects/InventoryItems/Potions/StaminaPotion.asset
  artifactKey: Guid(60f354c2364a3d34cade96080ed9ebd3) Importer(815301076,1909f56bfc062723c751e8b465ee728b)
Start importing Assets/ScriptableObjects/InventoryItems/Potions/StaminaPotion.asset using Guid(60f354c2364a3d34cade96080ed9ebd3) Importer(815301076,1909f56bfc062723c751e8b465ee728b)  -> (artifact id: 'bafebbc763aa1a4302b66eb340a11862') in 0.002284 seconds
  Import took 0.015047 seconds .

========================================================================
Received Import Request.
  Time since last request: 2655.611896 seconds.
  path: Assets/ScriptableObjects/Weapon.cs
  artifactKey: Guid(b5075fce76fe2c8408fe3f1afc4bf359) Importer(815301076,1909f56bfc062723c751e8b465ee728b)
Start importing Assets/ScriptableObjects/Weapon.cs using Guid(b5075fce76fe2c8408fe3f1afc4bf359) Importer(815301076,1909f56bfc062723c751e8b465ee728b)  -> (artifact id: '34efe210453a89807a63f402535f7cdb') in 0.008233 seconds
  Import took 0.191214 seconds .

========================================================================
Received Prepare
Registering precompiled user dll's ...
Registered in 0.001282 seconds.
Begin MonoManager ReloadAssembly
Native extension for WindowsStandalone target not found
Native extension for WebGL target not found
Refreshing native plugins compatible for Editor in 0.53 ms, found 1 plugins.
Preloading 0 native plugins for Editor in 0.00 ms.
Invoked RoslynAnalysisRunner static constructor.
RoslynAnalysisRunner will not be running.
RoslynAnalysisRunner has terminated.
Mono: successfully reloaded assembly
- Completed reload, in  0.962 seconds
Platform modules already initialized, skipping
Shader 'Universal Render Pipeline/Particles/Lit': fallback shader 'Universal Render Pipeline/Particles/SimpleLit' not found
Refreshing native plugins compatible for Editor in 0.52 ms, found 1 plugins.
Preloading 0 native plugins for Editor in 0.00 ms.
Unloading 3227 Unused Serialized files (Serialized files now loaded: 0)
System memory in use before: 137.7 MB.
System memory in use after: 137.8 MB.

Unloading 13 unused Assets to reduce memory usage. Loaded Objects now: 3878.
Total: 3.048600 ms (FindLiveObjects: 0.320800 ms CreateObjectMapping: 0.168600 ms MarkObjects: 2.439500 ms  DeleteObjects: 0.118600 ms)

========================================================================
Received Prepare
Registering precompiled user dll's ...
Registered in 0.001306 seconds.
Begin MonoManager ReloadAssembly
Native extension for WindowsStandalone target not found
Native extension for WebGL target not found
Refreshing native plugins compatible for Editor in 0.50 ms, found 1 plugins.
Preloading 0 native plugins for Editor in 0.00 ms.
Invoked RoslynAnalysisRunner static constructor.
RoslynAnalysisRunner will not be running.
RoslynAnalysisRunner has terminated.
Mono: successfully reloaded assembly
- Completed reload, in  0.930 seconds
Platform modules already initialized, skipping
Shader 'Universal Render Pipeline/Particles/Lit': fallback shader 'Universal Render Pipeline/Particles/SimpleLit' not found
Refreshing native plugins compatible for Editor in 0.50 ms, found 1 plugins.
Preloading 0 native plugins for Editor in 0.00 ms.
Unloading 3227 Unused Serialized files (Serialized files now loaded: 0)
System memory in use before: 137.7 MB.
System memory in use after: 137.8 MB.

Unloading 13 unused Assets to reduce memory usage. Loaded Objects now: 3881.
Total: 3.027000 ms (FindLiveObjects: 0.285300 ms CreateObjectMapping: 0.112900 ms MarkObjects: 2.513800 ms  DeleteObjects: 0.114300 ms)

========================================================================
Received Import Request.
  Time since last request: 86.893983 seconds.
  path: Assets/ScriptableObjects/Weapon.cs
  artifactKey: Guid(b5075fce76fe2c8408fe3f1afc4bf359) Importer(815301076,1909f56bfc062723c751e8b465ee728b)
Start importing Assets/ScriptableObjects/Weapon.cs using Guid(b5075fce76fe2c8408fe3f1afc4bf359) Importer(815301076,1909f56bfc062723c751e8b465ee728b)  -> (artifact id: '8898b0f3ed5621b0cff45eba25e7acfb') in 0.005232 seconds
  Import took 0.391344 seconds .

========================================================================
Received Import Request.
  Time since last request: 29.383125 seconds.
  path: Assets/ScriptableObjects/Bow.cs
  artifactKey: Guid(16b797b4e84fc86498f4b198890796de) Importer(815301076,1909f56bfc062723c751e8b465ee728b)
Start importing Assets/ScriptableObjects/Bow.cs using Guid(16b797b4e84fc86498f4b198890796de) Importer(815301076,1909f56bfc062723c751e8b465ee728b)  -> (artifact id: '4e7d829101006e6d47503e055fa4adb1') in 0.006193 seconds
  Import took 0.047272 seconds .

========================================================================
Received Prepare
Registering precompiled user dll's ...
Registered in 0.001203 seconds.
Begin MonoManager ReloadAssembly
Native extension for WindowsStandalone target not found
Native extension for WebGL target not found
Refreshing native plugins compatible for Editor in 0.50 ms, found 1 plugins.
Preloading 0 native plugins for Editor in 0.00 ms.
Invoked RoslynAnalysisRunner static constructor.
RoslynAnalysisRunner will not be running.
RoslynAnalysisRunner has terminated.
Mono: successfully reloaded assembly
- Completed reload, in  0.955 seconds
Platform modules already initialized, skipping
Shader 'Universal Render Pipeline/Particles/Lit': fallback shader 'Universal Render Pipeline/Particles/SimpleLit' not found
Refreshing native plugins compatible for Editor in 0.52 ms, found 1 plugins.
Preloading 0 native plugins for Editor in 0.00 ms.
Unloading 3228 Unused Serialized files (Serialized files now loaded: 0)
System memory in use before: 137.7 MB.
System memory in use after: 137.8 MB.

Unloading 13 unused Assets to reduce memory usage. Loaded Objects now: 3885.
Total: 3.993000 ms (FindLiveObjects: 0.607500 ms CreateObjectMapping: 0.253100 ms MarkObjects: 3.007200 ms  DeleteObjects: 0.123500 ms)

========================================================================
Received Import Request.
  Time since last request: 9.234967 seconds.
  path: Assets/ScriptableObjects/Sword.cs
  artifactKey: Guid(3e32cedd0f8b0a3409851ae2c28f69bc) Importer(815301076,1909f56bfc062723c751e8b465ee728b)
Start importing Assets/ScriptableObjects/Sword.cs using Guid(3e32cedd0f8b0a3409851ae2c28f69bc) Importer(815301076,1909f56bfc062723c751e8b465ee728b)  -> (artifact id: '23ff4c16eec2f3352a7098399bd52920') in 0.009993 seconds
  Import took 0.196205 seconds .

========================================================================
Received Prepare
Registering precompiled user dll's ...
Registered in 0.001273 seconds.
Begin MonoManager ReloadAssembly
Native extension for WindowsStandalone target not found
Native extension for WebGL target not found
Refreshing native plugins compatible for Editor in 0.51 ms, found 1 plugins.
Preloading 0 native plugins for Editor in 0.00 ms.
Invoked RoslynAnalysisRunner static constructor.
RoslynAnalysisRunner will not be running.
RoslynAnalysisRunner has terminated.
Mono: successfully reloaded assembly
- Completed reload, in  0.956 seconds
Platform modules already initialized, skipping
Shader 'Universal Render Pipeline/Particles/Lit': fallback shader 'Universal Render Pipeline/Particles/SimpleLit' not found
Refreshing native plugins compatible for Editor in 0.53 ms, found 1 plugins.
Preloading 0 native plugins for Editor in 0.00 ms.
Unloading 3229 Unused Serialized files (Serialized files now loaded: 0)
System memory in use before: 137.7 MB.
System memory in use after: 137.9 MB.

Unloading 13 unused Assets to reduce memory usage. Loaded Objects now: 3889.
Total: 2.838900 ms (FindLiveObjects: 0.291100 ms CreateObjectMapping: 0.139500 ms MarkObjects: 2.299100 ms  DeleteObjects: 0.108300 ms)

========================================================================
Received Prepare
Registering precompiled user dll's ...
Registered in 0.001527 seconds.
Begin MonoManager ReloadAssembly
Native extension for WindowsStandalone target not found
Native extension for WebGL target not found
Refreshing native plugins compatible for Editor in 0.50 ms, found 1 plugins.
Preloading 0 native plugins for Editor in 0.00 ms.
Invoked RoslynAnalysisRunner static constructor.
RoslynAnalysisRunner will not be running.
RoslynAnalysisRunner has terminated.
Mono: successfully reloaded assembly
- Completed reload, in  0.954 seconds
Platform modules already initialized, skipping
Shader 'Universal Render Pipeline/Particles/Lit': fallback shader 'Universal Render Pipeline/Particles/SimpleLit' not found
Refreshing native plugins compatible for Editor in 0.51 ms, found 1 plugins.
Preloading 0 native plugins for Editor in 0.00 ms.
Unloading 3229 Unused Serialized files (Serialized files now loaded: 0)
System memory in use before: 137.8 MB.
System memory in use after: 137.9 MB.

Unloading 13 unused Assets to reduce memory usage. Loaded Objects now: 3892.
Total: 3.010100 ms (FindLiveObjects: 0.338900 ms CreateObjectMapping: 0.206400 ms MarkObjects: 2.337800 ms  DeleteObjects: 0.125800 ms)

========================================================================
Received Import Request.
  Time since last request: 342.901258 seconds.
  path: Assets/ScriptableObjects/Sword.cs
  artifactKey: Guid(3e32cedd0f8b0a3409851ae2c28f69bc) Importer(815301076,1909f56bfc062723c751e8b465ee728b)
Start importing Assets/ScriptableObjects/Sword.cs using Guid(3e32cedd0f8b0a3409851ae2c28f69bc) Importer(815301076,1909f56bfc062723c751e8b465ee728b)  -> (artifact id: '93cf240aa52de522b1fe266a974e5f9f') in 0.004943 seconds
  Import took 0.538342 seconds .

========================================================================
Received Prepare
Registering precompiled user dll's ...
Registered in 0.001216 seconds.
Begin MonoManager ReloadAssembly
Native extension for WindowsStandalone target not found
Native extension for WebGL target not found
Refreshing native plugins compatible for Editor in 0.50 ms, found 1 plugins.
Preloading 0 native plugins for Editor in 0.00 ms.
Invoked RoslynAnalysisRunner static constructor.
RoslynAnalysisRunner will not be running.
RoslynAnalysisRunner has terminated.
Mono: successfully reloaded assembly
- Completed reload, in  0.950 seconds
Platform modules already initialized, skipping
Shader 'Universal Render Pipeline/Particles/Lit': fallback shader 'Universal Render Pipeline/Particles/SimpleLit' not found
Refreshing native plugins compatible for Editor in 0.54 ms, found 1 plugins.
Preloading 0 native plugins for Editor in 0.00 ms.
Unloading 3229 Unused Serialized files (Serialized files now loaded: 0)
System memory in use before: 137.8 MB.
System memory in use after: 137.9 MB.

Unloading 13 unused Assets to reduce memory usage. Loaded Objects now: 3895.
Total: 3.001800 ms (FindLiveObjects: 0.346200 ms CreateObjectMapping: 0.164900 ms MarkObjects: 2.368900 ms  DeleteObjects: 0.120300 ms)

========================================================================
Received Import Request.
  Time since last request: 198.184129 seconds.
  path: Assets/ScriptableObjects/Sword.cs
  artifactKey: Guid(3e32cedd0f8b0a3409851ae2c28f69bc) Importer(815301076,1909f56bfc062723c751e8b465ee728b)
Start importing Assets/ScriptableObjects/Sword.cs using Guid(3e32cedd0f8b0a3409851ae2c28f69bc) Importer(815301076,1909f56bfc062723c751e8b465ee728b)  -> (artifact id: 'be8568ce9779f6354304454380df0722') in 0.005045 seconds
  Import took 0.125790 seconds .

========================================================================
Received Import Request.
  Time since last request: 6.946990 seconds.
  path: Assets/ScriptableObjects/InventoryItems/Weapons
  artifactKey: Guid(f60b6cd87beec524abe4fc53dad13bfd) Importer(815301076,1909f56bfc062723c751e8b465ee728b)
Start importing Assets/ScriptableObjects/InventoryItems/Weapons using Guid(f60b6cd87beec524abe4fc53dad13bfd) Importer(815301076,1909f56bfc062723c751e8b465ee728b)  -> (artifact id: 'e8a44fb47fda4beaf3fd5243d96cb6e8') in 0.008641 seconds
  Import took 0.321675 seconds .

========================================================================
Received Import Request.
  Time since last request: 20.785719 seconds.
  path: Assets/ScriptableObjects/InventoryItems/Weapons/Bow.asset
  artifactKey: Guid(92370ee0d1a45ea4984890b19df094b7) Importer(815301076,1909f56bfc062723c751e8b465ee728b)
Start importing Assets/ScriptableObjects/InventoryItems/Weapons/Bow.asset using Guid(92370ee0d1a45ea4984890b19df094b7) Importer(815301076,1909f56bfc062723c751e8b465ee728b)  -> (artifact id: 'f4c8e45e73e9bb35f22be081d7e540ed') in 0.012467 seconds
  Import took 0.017739 seconds .

========================================================================
Received Import Request.
  Time since last request: 18.679321 seconds.
  path: Assets/ScriptableObjects/InventoryItems/Potions/HealthPotion.asset
  artifactKey: Guid(d91cb23f3784bdb49b67c17e0769bd9b) Importer(815301076,1909f56bfc062723c751e8b465ee728b)
Start importing Assets/ScriptableObjects/InventoryItems/Potions/HealthPotion.asset using Guid(d91cb23f3784bdb49b67c17e0769bd9b) Importer(815301076,1909f56bfc062723c751e8b465ee728b)  -> (artifact id: '78e5b6e073180bd8a9b8c3bed9f3a29f') in 0.002151 seconds
  Import took 0.108162 seconds .

========================================================================
Received Import Request.
  Time since last request: 0.000666 seconds.
  path: Assets/ScriptableObjects/InventoryItems/Potions/HealthPotion.asset
  artifactKey: Guid(d91cb23f3784bdb49b67c17e0769bd9b) Importer(815301076,1909f56bfc062723c751e8b465ee728b)
Start importing Assets/ScriptableObjects/InventoryItems/Potions/HealthPotion.asset using Guid(d91cb23f3784bdb49b67c17e0769bd9b) Importer(815301076,1909f56bfc062723c751e8b465ee728b)  -> (artifact id: '78e5b6e073180bd8a9b8c3bed9f3a29f') in 0.002498 seconds
  Import took 0.007947 seconds .

========================================================================
Received Import Request.
  Time since last request: 69.535170 seconds.
  path: Assets/ScriptableObjects/InventoryItems/Weapons/Sword.asset
  artifactKey: Guid(c9fb4720dfde7b74595784fc499fff86) Importer(815301076,1909f56bfc062723c751e8b465ee728b)
Start importing Assets/ScriptableObjects/InventoryItems/Weapons/Sword.asset using Guid(c9fb4720dfde7b74595784fc499fff86) Importer(815301076,1909f56bfc062723c751e8b465ee728b)  -> (artifact id: '91c8fff323e77f7449c0b322c7cb656e') in 0.002324 seconds
  Import took 0.435229 seconds .

========================================================================
Received Import Request.
  Time since last request: 24.028202 seconds.
  path: Assets/ScriptableObjects/InventoryItems/Weapons/Sword.asset
  artifactKey: Guid(c9fb4720dfde7b74595784fc499fff86) Importer(815301076,1909f56bfc062723c751e8b465ee728b)
Start importing Assets/ScriptableObjects/InventoryItems/Weapons/Sword.asset using Guid(c9fb4720dfde7b74595784fc499fff86) Importer(815301076,1909f56bfc062723c751e8b465ee728b)  -> (artifact id: '01ae2074449b1a3d75740ff4c30e5814') in 0.002159 seconds
  Import took 0.007874 seconds .

========================================================================
Received Import Request.
  Time since last request: 0.004093 seconds.
  path: Assets/ScriptableObjects/InventoryItems/Weapons/Sword.asset
  artifactKey: Guid(c9fb4720dfde7b74595784fc499fff86) Importer(815301076,1909f56bfc062723c751e8b465ee728b)
Start importing Assets/ScriptableObjects/InventoryItems/Weapons/Sword.asset using Guid(c9fb4720dfde7b74595784fc499fff86) Importer(815301076,1909f56bfc062723c751e8b465ee728b)  -> (artifact id: '01ae2074449b1a3d75740ff4c30e5814') in 0.001857 seconds
  Import took 0.007007 seconds .

========================================================================
Received Import Request.
  Time since last request: 20.913328 seconds.
  path: Assets/ScriptableObjects/Shield.cs
  artifactKey: Guid(617ebf60327fa294fbd502937d2d88f3) Importer(815301076,1909f56bfc062723c751e8b465ee728b)
Start importing Assets/ScriptableObjects/Shield.cs using Guid(617ebf60327fa294fbd502937d2d88f3) Importer(815301076,1909f56bfc062723c751e8b465ee728b)  -> (artifact id: 'd80753c0dbd7a3dfcb5a42d4ebea6596') in 0.007308 seconds
  Import took 0.086825 seconds .

========================================================================
Received Prepare
Registering precompiled user dll's ...
Registered in 0.001215 seconds.
Begin MonoManager ReloadAssembly
Native extension for WindowsStandalone target not found
Native extension for WebGL target not found
Refreshing native plugins compatible for Editor in 0.55 ms, found 1 plugins.
Preloading 0 native plugins for Editor in 0.00 ms.
Invoked RoslynAnalysisRunner static constructor.
RoslynAnalysisRunner will not be running.
RoslynAnalysisRunner has terminated.
Mono: successfully reloaded assembly
- Completed reload, in  0.985 seconds
Platform modules already initialized, skipping
Shader 'Universal Render Pipeline/Particles/Lit': fallback shader 'Universal Render Pipeline/Particles/SimpleLit' not found
Refreshing native plugins compatible for Editor in 0.50 ms, found 1 plugins.
Preloading 0 native plugins for Editor in 0.00 ms.
Unloading 3230 Unused Serialized files (Serialized files now loaded: 0)
System memory in use before: 137.8 MB.
System memory in use after: 137.9 MB.

Unloading 13 unused Assets to reduce memory usage. Loaded Objects now: 3899.
Total: 3.271000 ms (FindLiveObjects: 0.385100 ms CreateObjectMapping: 0.254800 ms MarkObjects: 2.517700 ms  DeleteObjects: 0.112200 ms)

========================================================================
Received Import Request.
  Time since last request: 8.800243 seconds.
  path: Assets/ScriptableObjects/CoinBag.cs
  artifactKey: Guid(41b81214475c31c459683de761cbb86b) Importer(815301076,1909f56bfc062723c751e8b465ee728b)
Start importing Assets/ScriptableObjects/CoinBag.cs using Guid(41b81214475c31c459683de761cbb86b) Importer(815301076,1909f56bfc062723c751e8b465ee728b)  -> (artifact id: '95e5bfe2f0752a03f6b3602dadead35b') in 0.011653 seconds
  Import took 0.039998 seconds .

========================================================================
Received Prepare
Registering precompiled user dll's ...
Registered in 0.001251 seconds.
Begin MonoManager ReloadAssembly
Native extension for WindowsStandalone target not found
Native extension for WebGL target not found
Refreshing native plugins compatible for Editor in 0.51 ms, found 1 plugins.
Preloading 0 native plugins for Editor in 0.00 ms.
Invoked RoslynAnalysisRunner static constructor.
RoslynAnalysisRunner will not be running.
RoslynAnalysisRunner has terminated.
Mono: successfully reloaded assembly
- Completed reload, in  0.953 seconds
Platform modules already initialized, skipping
Shader 'Universal Render Pipeline/Particles/Lit': fallback shader 'Universal Render Pipeline/Particles/SimpleLit' not found
Refreshing native plugins compatible for Editor in 0.61 ms, found 1 plugins.
Preloading 0 native plugins for Editor in 0.00 ms.
Unloading 3231 Unused Serialized files (Serialized files now loaded: 0)
System memory in use before: 137.8 MB.
System memory in use after: 137.9 MB.

Unloading 13 unused Assets to reduce memory usage. Loaded Objects now: 3903.
Total: 2.925700 ms (FindLiveObjects: 0.329500 ms CreateObjectMapping: 0.161000 ms MarkObjects: 2.315300 ms  DeleteObjects: 0.118400 ms)

========================================================================
Received Prepare
Registering precompiled user dll's ...
Registered in 0.001216 seconds.
Begin MonoManager ReloadAssembly
Native extension for WindowsStandalone target not found
Native extension for WebGL target not found
Refreshing native plugins compatible for Editor in 0.50 ms, found 1 plugins.
Preloading 0 native plugins for Editor in 0.00 ms.
Invoked RoslynAnalysisRunner static constructor.
RoslynAnalysisRunner will not be running.
RoslynAnalysisRunner has terminated.
Mono: successfully reloaded assembly
- Completed reload, in  0.970 seconds
Platform modules already initialized, skipping
Shader 'Universal Render Pipeline/Particles/Lit': fallback shader 'Universal Render Pipeline/Particles/SimpleLit' not found
Refreshing native plugins compatible for Editor in 0.50 ms, found 1 plugins.
Preloading 0 native plugins for Editor in 0.00 ms.
Unloading 3231 Unused Serialized files (Serialized files now loaded: 0)
System memory in use before: 137.8 MB.
System memory in use after: 138.0 MB.

Unloading 13 unused Assets to reduce memory usage. Loaded Objects now: 3906.
Total: 2.959500 ms (FindLiveObjects: 0.324100 ms CreateObjectMapping: 0.172500 ms MarkObjects: 2.344600 ms  DeleteObjects: 0.116500 ms)

========================================================================
Received Import Request.
  Time since last request: 233.196966 seconds.
  path: Assets/ScriptableObjects/InventoryItems/Shields
  artifactKey: Guid(014e5925170c7a24c8a6a72d6e33f903) Importer(815301076,1909f56bfc062723c751e8b465ee728b)
Start importing Assets/ScriptableObjects/InventoryItems/Shields using Guid(014e5925170c7a24c8a6a72d6e33f903) Importer(815301076,1909f56bfc062723c751e8b465ee728b)  -> (artifact id: '2b223e891c1df788d4ee28f3dc1363b3') in 0.009793 seconds
  Import took 0.015497 seconds .

========================================================================
Received Import Request.
  Time since last request: 5.244546 seconds.
  path: Assets/ScriptableObjects/InventoryItems/Misc
  artifactKey: Guid(f829daa89e5ec8a4f988f4e118b5fa14) Importer(815301076,1909f56bfc062723c751e8b465ee728b)
Start importing Assets/ScriptableObjects/InventoryItems/Misc using Guid(f829daa89e5ec8a4f988f4e118b5fa14) Importer(815301076,1909f56bfc062723c751e8b465ee728b)  -> (artifact id: 'baf2a3a532ef2f81c3d4ee87816b78ae') in 0.007598 seconds
  Import took 0.012692 seconds .

========================================================================
Received Prepare
Registering precompiled user dll's ...
Registered in 0.001241 seconds.
Begin MonoManager ReloadAssembly
Native extension for WindowsStandalone target not found
Native extension for WebGL target not found
Refreshing native plugins compatible for Editor in 0.51 ms, found 1 plugins.
Preloading 0 native plugins for Editor in 0.00 ms.
Invoked RoslynAnalysisRunner static constructor.
RoslynAnalysisRunner will not be running.
RoslynAnalysisRunner has terminated.
Mono: successfully reloaded assembly
- Completed reload, in  0.959 seconds
Platform modules already initialized, skipping
Shader 'Universal Render Pipeline/Particles/Lit': fallback shader 'Universal Render Pipeline/Particles/SimpleLit' not found
Refreshing native plugins compatible for Editor in 0.51 ms, found 1 plugins.
Preloading 0 native plugins for Editor in 0.00 ms.
Unloading 3231 Unused Serialized files (Serialized files now loaded: 0)
System memory in use before: 137.8 MB.
System memory in use after: 138.0 MB.

Unloading 13 unused Assets to reduce memory usage. Loaded Objects now: 3909.
Total: 2.712500 ms (FindLiveObjects: 0.313300 ms CreateObjectMapping: 0.163100 ms MarkObjects: 2.123200 ms  DeleteObjects: 0.112000 ms)

========================================================================
Received Import Request.
  Time since last request: 55.738167 seconds.
  path: Assets/ScriptableObjects/InventoryItems/Shields/AllShield.asset
  artifactKey: Guid(06838d06b96b37b4c82f1436993adb5d) Importer(815301076,1909f56bfc062723c751e8b465ee728b)
Start importing Assets/ScriptableObjects/InventoryItems/Shields/AllShield.asset using Guid(06838d06b96b37b4c82f1436993adb5d) Importer(815301076,1909f56bfc062723c751e8b465ee728b)  -> (artifact id: 'a7b93becc29394af72f4e8ec992a8c0d') in 0.019169 seconds
  Import took 0.035187 seconds .

========================================================================
Received Import Request.
  Time since last request: 47.195183 seconds.
  path: Assets/ScriptableObjects/InventoryItems/Misc/CoinBag.asset
  artifactKey: Guid(158e0dd657cbfcf439be32f994e3b494) Importer(815301076,1909f56bfc062723c751e8b465ee728b)
Start importing Assets/ScriptableObjects/InventoryItems/Misc/CoinBag.asset using Guid(158e0dd657cbfcf439be32f994e3b494) Importer(815301076,1909f56bfc062723c751e8b465ee728b)  -> (artifact id: 'fb9692a4a218dcf5557e4c316f3049ab') in 0.002525 seconds
  Import took 0.009057 seconds .

========================================================================
Received Import Request.
  Time since last request: 4.651347 seconds.
  path: Assets/ScriptableObjects/InventoryItems/Misc/CoinBag.asset
  artifactKey: Guid(158e0dd657cbfcf439be32f994e3b494) Importer(815301076,1909f56bfc062723c751e8b465ee728b)
Start importing Assets/ScriptableObjects/InventoryItems/Misc/CoinBag.asset using Guid(158e0dd657cbfcf439be32f994e3b494) Importer(815301076,1909f56bfc062723c751e8b465ee728b)  -> (artifact id: 'aec430b8cc2307d0d224c0f14be26995') in 0.002148 seconds
  Import took 0.007126 seconds .

========================================================================
Received Import Request.
  Time since last request: 0.004378 seconds.
  path: Assets/ScriptableObjects/InventoryItems/Misc/CoinBag.asset
  artifactKey: Guid(158e0dd657cbfcf439be32f994e3b494) Importer(815301076,1909f56bfc062723c751e8b465ee728b)
Start importing Assets/ScriptableObjects/InventoryItems/Misc/CoinBag.asset using Guid(158e0dd657cbfcf439be32f994e3b494) Importer(815301076,1909f56bfc062723c751e8b465ee728b)  -> (artifact id: 'aec430b8cc2307d0d224c0f14be26995') in 0.001653 seconds
  Import took 0.006575 seconds .

========================================================================
Received Import Request.
  Time since last request: 22.141717 seconds.
  path: Assets/ScriptableObjects/Inventories
  artifactKey: Guid(28149a96bf487354ab85dcd92e01eb40) Importer(815301076,1909f56bfc062723c751e8b465ee728b)
Start importing Assets/ScriptableObjects/Inventories using Guid(28149a96bf487354ab85dcd92e01eb40) Importer(815301076,1909f56bfc062723c751e8b465ee728b)  -> (artifact id: 'c411441f196c619280ca75ba40c84f52') in 0.007095 seconds
  Import took 0.030979 seconds .

========================================================================
Received Import Request.
  Time since last request: 11.862256 seconds.
  path: Assets/ScriptableObjects/Inventory.cs
  artifactKey: Guid(ac24dcf898c1be846aeb5a90b6607c74) Importer(815301076,1909f56bfc062723c751e8b465ee728b)
Start importing Assets/ScriptableObjects/Inventory.cs using Guid(ac24dcf898c1be846aeb5a90b6607c74) Importer(815301076,1909f56bfc062723c751e8b465ee728b)  -> (artifact id: 'd535b1aab0c77444e82de69e2a3765af') in 0.008798 seconds
  Import took 0.194306 seconds .

========================================================================
Received Prepare
Registering precompiled user dll's ...
Registered in 0.001303 seconds.
Begin MonoManager ReloadAssembly
Native extension for WindowsStandalone target not found
Native extension for WebGL target not found
Refreshing native plugins compatible for Editor in 0.50 ms, found 1 plugins.
Preloading 0 native plugins for Editor in 0.00 ms.
Invoked RoslynAnalysisRunner static constructor.
RoslynAnalysisRunner will not be running.
RoslynAnalysisRunner has terminated.
Mono: successfully reloaded assembly
- Completed reload, in  0.955 seconds
Platform modules already initialized, skipping
Shader 'Universal Render Pipeline/Particles/Lit': fallback shader 'Universal Render Pipeline/Particles/SimpleLit' not found
Refreshing native plugins compatible for Editor in 0.50 ms, found 1 plugins.
Preloading 0 native plugins for Editor in 0.00 ms.
Unloading 3232 Unused Serialized files (Serialized files now loaded: 0)
System memory in use before: 137.9 MB.
System memory in use after: 138.0 MB.

Unloading 13 unused Assets to reduce memory usage. Loaded Objects now: 3913.
Total: 2.950500 ms (FindLiveObjects: 0.464700 ms CreateObjectMapping: 0.215100 ms MarkObjects: 2.154000 ms  DeleteObjects: 0.115400 ms)

========================================================================
Received Prepare
Registering precompiled user dll's ...
Registered in 0.001348 seconds.
Begin MonoManager ReloadAssembly
Native extension for WindowsStandalone target not found
Native extension for WebGL target not found
Refreshing native plugins compatible for Editor in 0.51 ms, found 1 plugins.
Preloading 0 native plugins for Editor in 0.00 ms.
Invoked RoslynAnalysisRunner static constructor.
RoslynAnalysisRunner will not be running.
RoslynAnalysisRunner has terminated.
Mono: successfully reloaded assembly
- Completed reload, in  0.980 seconds
Platform modules already initialized, skipping
Shader 'Universal Render Pipeline/Particles/Lit': fallback shader 'Universal Render Pipeline/Particles/SimpleLit' not found
Refreshing native plugins compatible for Editor in 0.52 ms, found 1 plugins.
Preloading 0 native plugins for Editor in 0.00 ms.
Unloading 3232 Unused Serialized files (Serialized files now loaded: 0)
System memory in use before: 137.9 MB.
System memory in use after: 138.0 MB.

Unloading 13 unused Assets to reduce memory usage. Loaded Objects now: 3916.
Total: 3.601100 ms (FindLiveObjects: 0.871800 ms CreateObjectMapping: 0.253800 ms MarkObjects: 2.356500 ms  DeleteObjects: 0.116800 ms)

========================================================================
Received Prepare
Registering precompiled user dll's ...
Registered in 0.001257 seconds.
Begin MonoManager ReloadAssembly
Native extension for WindowsStandalone target not found
Native extension for WebGL target not found
Refreshing native plugins compatible for Editor in 0.53 ms, found 1 plugins.
Preloading 0 native plugins for Editor in 0.00 ms.
Invoked RoslynAnalysisRunner static constructor.
RoslynAnalysisRunner will not be running.
RoslynAnalysisRunner has terminated.
Mono: successfully reloaded assembly
- Completed reload, in  0.957 seconds
Platform modules already initialized, skipping
Shader 'Universal Render Pipeline/Particles/Lit': fallback shader 'Universal Render Pipeline/Particles/SimpleLit' not found
Refreshing native plugins compatible for Editor in 0.54 ms, found 1 plugins.
Preloading 0 native plugins for Editor in 0.00 ms.
Unloading 3232 Unused Serialized files (Serialized files now loaded: 0)
System memory in use before: 137.9 MB.
System memory in use after: 138.0 MB.

Unloading 13 unused Assets to reduce memory usage. Loaded Objects now: 3919.
Total: 2.907000 ms (FindLiveObjects: 0.348300 ms CreateObjectMapping: 0.145300 ms MarkObjects: 2.304300 ms  DeleteObjects: 0.107800 ms)

========================================================================
Received Import Request.
  Time since last request: 293.016080 seconds.
  path: Assets/ScriptableObjects/Inventories/Inventory.cs
  artifactKey: Guid(ac24dcf898c1be846aeb5a90b6607c74) Importer(815301076,1909f56bfc062723c751e8b465ee728b)
Start importing Assets/ScriptableObjects/Inventories/Inventory.cs using Guid(ac24dcf898c1be846aeb5a90b6607c74) Importer(815301076,1909f56bfc062723c751e8b465ee728b)  -> (artifact id: '255f0c9b72833d2626e0ca1c11f9bf0f') in 0.004795 seconds
  Import took 0.010006 seconds .

========================================================================
Received Import Request.
  Time since last request: 11.950520 seconds.
  path: Assets/ScriptableObjects/Inventories/MainGameInventory.asset
  artifactKey: Guid(9d9d0a848abfbb04fb7679b657abe864) Importer(815301076,1909f56bfc062723c751e8b465ee728b)
Start importing Assets/ScriptableObjects/Inventories/MainGameInventory.asset using Guid(9d9d0a848abfbb04fb7679b657abe864) Importer(815301076,1909f56bfc062723c751e8b465ee728b)  -> (artifact id: 'a38bfb335962391b2adb3454a968a1c3') in 0.016868 seconds
  Import took 0.043537 seconds .

========================================================================
Received Prepare
Registering precompiled user dll's ...
Registered in 0.001226 seconds.
Begin MonoManager ReloadAssembly
Native extension for WindowsStandalone target not found
Native extension for WebGL target not found
Refreshing native plugins compatible for Editor in 0.51 ms, found 1 plugins.
Preloading 0 native plugins for Editor in 0.00 ms.
Invoked RoslynAnalysisRunner static constructor.
RoslynAnalysisRunner will not be running.
RoslynAnalysisRunner has terminated.
Mono: successfully reloaded assembly
- Completed reload, in  0.946 seconds
Platform modules already initialized, skipping
Shader 'Universal Render Pipeline/Particles/Lit': fallback shader 'Universal Render Pipeline/Particles/SimpleLit' not found
Refreshing native plugins compatible for Editor in 0.50 ms, found 1 plugins.
Preloading 0 native plugins for Editor in 0.00 ms.
Unloading 3232 Unused Serialized files (Serialized files now loaded: 0)
System memory in use before: 137.9 MB.
System memory in use after: 138.1 MB.

Unloading 13 unused Assets to reduce memory usage. Loaded Objects now: 3922.
Total: 3.422800 ms (FindLiveObjects: 0.656900 ms CreateObjectMapping: 0.342800 ms MarkObjects: 2.303100 ms  DeleteObjects: 0.117800 ms)

========================================================================
Received Prepare
Registering precompiled user dll's ...
Registered in 0.001324 seconds.
Begin MonoManager ReloadAssembly
Native extension for WindowsStandalone target not found
Native extension for WebGL target not found
Refreshing native plugins compatible for Editor in 0.52 ms, found 1 plugins.
Preloading 0 native plugins for Editor in 0.00 ms.
Invoked RoslynAnalysisRunner static constructor.
RoslynAnalysisRunner will not be running.
RoslynAnalysisRunner has terminated.
Mono: successfully reloaded assembly
- Completed reload, in  0.960 seconds
Platform modules already initialized, skipping
Shader 'Universal Render Pipeline/Particles/Lit': fallback shader 'Universal Render Pipeline/Particles/SimpleLit' not found
Refreshing native plugins compatible for Editor in 0.51 ms, found 1 plugins.
Preloading 0 native plugins for Editor in 0.00 ms.
Unloading 3232 Unused Serialized files (Serialized files now loaded: 0)
System memory in use before: 138.0 MB.
System memory in use after: 138.1 MB.

Unloading 13 unused Assets to reduce memory usage. Loaded Objects now: 3925.
Total: 2.980500 ms (FindLiveObjects: 0.354900 ms CreateObjectMapping: 0.203200 ms MarkObjects: 2.304800 ms  DeleteObjects: 0.116000 ms)

========================================================================
Received Prepare
Registering precompiled user dll's ...
Registered in 0.001213 seconds.
Begin MonoManager ReloadAssembly
Native extension for WindowsStandalone target not found
Native extension for WebGL target not found
Refreshing native plugins compatible for Editor in 0.50 ms, found 1 plugins.
Preloading 0 native plugins for Editor in 0.00 ms.
Invoked RoslynAnalysisRunner static constructor.
RoslynAnalysisRunner will not be running.
RoslynAnalysisRunner has terminated.
Mono: successfully reloaded assembly
- Completed reload, in  0.950 seconds
Platform modules already initialized, skipping
Shader 'Universal Render Pipeline/Particles/Lit': fallback shader 'Universal Render Pipeline/Particles/SimpleLit' not found
Refreshing native plugins compatible for Editor in 0.52 ms, found 1 plugins.
Preloading 0 native plugins for Editor in 0.00 ms.
Unloading 3232 Unused Serialized files (Serialized files now loaded: 0)
System memory in use before: 138.0 MB.
System memory in use after: 138.1 MB.

Unloading 13 unused Assets to reduce memory usage. Loaded Objects now: 3928.
Total: 2.834900 ms (FindLiveObjects: 0.404500 ms CreateObjectMapping: 0.231800 ms MarkObjects: 2.083100 ms  DeleteObjects: 0.114400 ms)

========================================================================
Received Prepare
Registering precompiled user dll's ...
Registered in 0.001264 seconds.
Begin MonoManager ReloadAssembly
Native extension for WindowsStandalone target not found
Native extension for WebGL target not found
Refreshing native plugins compatible for Editor in 0.50 ms, found 1 plugins.
Preloading 0 native plugins for Editor in 0.00 ms.
Invoked RoslynAnalysisRunner static constructor.
RoslynAnalysisRunner will not be running.
RoslynAnalysisRunner has terminated.
Mono: successfully reloaded assembly
- Completed reload, in  0.941 seconds
Platform modules already initialized, skipping
Shader 'Universal Render Pipeline/Particles/Lit': fallback shader 'Universal Render Pipeline/Particles/SimpleLit' not found
Refreshing native plugins compatible for Editor in 0.55 ms, found 1 plugins.
Preloading 0 native plugins for Editor in 0.00 ms.
Unloading 3232 Unused Serialized files (Serialized files now loaded: 0)
System memory in use before: 138.0 MB.
System memory in use after: 138.1 MB.

Unloading 13 unused Assets to reduce memory usage. Loaded Objects now: 3931.
Total: 3.197900 ms (FindLiveObjects: 0.336600 ms CreateObjectMapping: 0.140300 ms MarkObjects: 2.599200 ms  DeleteObjects: 0.120800 ms)

========================================================================
Received Import Request.
  Time since last request: 449.993586 seconds.
  path: Assets/ScriptableObjects/Inventories/MainGameInventory.asset
  artifactKey: Guid(9d9d0a848abfbb04fb7679b657abe864) Importer(815301076,1909f56bfc062723c751e8b465ee728b)
Start importing Assets/ScriptableObjects/Inventories/MainGameInventory.asset using Guid(9d9d0a848abfbb04fb7679b657abe864) Importer(815301076,1909f56bfc062723c751e8b465ee728b)  -> (artifact id: '13545271d6db82ce40aa5160f016b21c') in 0.015794 seconds
  Import took 0.021254 seconds .

========================================================================
Received Import Request.
  Time since last request: 173.170579 seconds.
  path: Assets/Scripts/Managers/InventoryManagerSO.cs
  artifactKey: Guid(7bf63f651ba29574aa0ccd25e479a841) Importer(815301076,1909f56bfc062723c751e8b465ee728b)
Start importing Assets/Scripts/Managers/InventoryManagerSO.cs using Guid(7bf63f651ba29574aa0ccd25e479a841) Importer(815301076,1909f56bfc062723c751e8b465ee728b)  -> (artifact id: 'be4473d9762eb85f027eead849544147') in 0.007469 seconds
  Import took 0.014136 seconds .

========================================================================
Received Import Request.
  Time since last request: 0.006280 seconds.
  path: Assets/Scripts/Managers/InventoryManagerSO.cs
  artifactKey: Guid(7bf63f651ba29574aa0ccd25e479a841) Importer(815301076,1909f56bfc062723c751e8b465ee728b)
Start importing Assets/Scripts/Managers/InventoryManagerSO.cs using Guid(7bf63f651ba29574aa0ccd25e479a841) Importer(815301076,1909f56bfc062723c751e8b465ee728b)  -> (artifact id: 'be4473d9762eb85f027eead849544147') in 0.001843 seconds
  Import took 0.007571 seconds .

========================================================================
Received Prepare
Registering precompiled user dll's ...
Registered in 0.001233 seconds.
Begin MonoManager ReloadAssembly
Native extension for WindowsStandalone target not found
Native extension for WebGL target not found
Refreshing native plugins compatible for Editor in 0.51 ms, found 1 plugins.
Preloading 0 native plugins for Editor in 0.00 ms.
Invoked RoslynAnalysisRunner static constructor.
RoslynAnalysisRunner will not be running.
RoslynAnalysisRunner has terminated.
Mono: successfully reloaded assembly
- Completed reload, in  0.941 seconds
Platform modules already initialized, skipping
Shader 'Universal Render Pipeline/Particles/Lit': fallback shader 'Universal Render Pipeline/Particles/SimpleLit' not found
Refreshing native plugins compatible for Editor in 0.51 ms, found 1 plugins.
Preloading 0 native plugins for Editor in 0.00 ms.
Unloading 3233 Unused Serialized files (Serialized files now loaded: 0)
System memory in use before: 138.0 MB.
System memory in use after: 138.1 MB.

Unloading 13 unused Assets to reduce memory usage. Loaded Objects now: 3935.
Total: 3.183800 ms (FindLiveObjects: 0.489100 ms CreateObjectMapping: 0.230400 ms MarkObjects: 2.352100 ms  DeleteObjects: 0.111100 ms)

========================================================================
Received Prepare
Registering precompiled user dll's ...
Registered in 0.001247 seconds.
Begin MonoManager ReloadAssembly
Native extension for WindowsStandalone target not found
Native extension for WebGL target not found
Refreshing native plugins compatible for Editor in 0.59 ms, found 1 plugins.
Preloading 0 native plugins for Editor in 0.00 ms.
Invoked RoslynAnalysisRunner static constructor.
RoslynAnalysisRunner will not be running.
RoslynAnalysisRunner has terminated.
Mono: successfully reloaded assembly
- Completed reload, in  0.945 seconds
Platform modules already initialized, skipping
Shader 'Universal Render Pipeline/Particles/Lit': fallback shader 'Universal Render Pipeline/Particles/SimpleLit' not found
Refreshing native plugins compatible for Editor in 0.54 ms, found 1 plugins.
Preloading 0 native plugins for Editor in 0.00 ms.
Unloading 3233 Unused Serialized files (Serialized files now loaded: 0)
System memory in use before: 138.0 MB.
System memory in use after: 138.1 MB.

Unloading 13 unused Assets to reduce memory usage. Loaded Objects now: 3938.
Total: 3.052300 ms (FindLiveObjects: 0.341800 ms CreateObjectMapping: 0.159400 ms MarkObjects: 2.428500 ms  DeleteObjects: 0.121700 ms)

========================================================================
Received Prepare
Registering precompiled user dll's ...
Registered in 0.001239 seconds.
Begin MonoManager ReloadAssembly
Native extension for WindowsStandalone target not found
Native extension for WebGL target not found
Refreshing native plugins compatible for Editor in 0.50 ms, found 1 plugins.
Preloading 0 native plugins for Editor in 0.00 ms.
Invoked RoslynAnalysisRunner static constructor.
RoslynAnalysisRunner will not be running.
RoslynAnalysisRunner has terminated.
Mono: successfully reloaded assembly
- Completed reload, in  0.952 seconds
Platform modules already initialized, skipping
Shader 'Universal Render Pipeline/Particles/Lit': fallback shader 'Universal Render Pipeline/Particles/SimpleLit' not found
Refreshing native plugins compatible for Editor in 0.51 ms, found 1 plugins.
Preloading 0 native plugins for Editor in 0.00 ms.
Unloading 3233 Unused Serialized files (Serialized files now loaded: 0)
System memory in use before: 138.0 MB.
System memory in use after: 138.1 MB.

Unloading 13 unused Assets to reduce memory usage. Loaded Objects now: 3941.
Total: 3.505900 ms (FindLiveObjects: 0.424300 ms CreateObjectMapping: 0.240400 ms MarkObjects: 2.600100 ms  DeleteObjects: 0.239400 ms)

========================================================================
Received Prepare
Registering precompiled user dll's ...
Registered in 0.001217 seconds.
Begin MonoManager ReloadAssembly
Native extension for WindowsStandalone target not found
Native extension for WebGL target not found
Refreshing native plugins compatible for Editor in 0.52 ms, found 1 plugins.
Preloading 0 native plugins for Editor in 0.00 ms.
Invoked RoslynAnalysisRunner static constructor.
RoslynAnalysisRunner will not be running.
RoslynAnalysisRunner has terminated.
Mono: successfully reloaded assembly
- Completed reload, in  0.935 seconds
Platform modules already initialized, skipping
Shader 'Universal Render Pipeline/Particles/Lit': fallback shader 'Universal Render Pipeline/Particles/SimpleLit' not found
Refreshing native plugins compatible for Editor in 0.50 ms, found 1 plugins.
Preloading 0 native plugins for Editor in 0.00 ms.
Unloading 3233 Unused Serialized files (Serialized files now loaded: 0)
System memory in use before: 138.0 MB.
System memory in use after: 138.2 MB.

Unloading 13 unused Assets to reduce memory usage. Loaded Objects now: 3944.
Total: 2.980800 ms (FindLiveObjects: 0.374000 ms CreateObjectMapping: 0.201200 ms MarkObjects: 2.292700 ms  DeleteObjects: 0.111700 ms)

========================================================================
Received Prepare
Registering precompiled user dll's ...
Registered in 0.001251 seconds.
Begin MonoManager ReloadAssembly
Native extension for WindowsStandalone target not found
Native extension for WebGL target not found
Refreshing native plugins compatible for Editor in 0.51 ms, found 1 plugins.
Preloading 0 native plugins for Editor in 0.00 ms.
Invoked RoslynAnalysisRunner static constructor.
RoslynAnalysisRunner will not be running.
RoslynAnalysisRunner has terminated.
Mono: successfully reloaded assembly
- Completed reload, in  0.951 seconds
Platform modules already initialized, skipping
Shader 'Universal Render Pipeline/Particles/Lit': fallback shader 'Universal Render Pipeline/Particles/SimpleLit' not found
Refreshing native plugins compatible for Editor in 0.51 ms, found 1 plugins.
Preloading 0 native plugins for Editor in 0.00 ms.
Unloading 3233 Unused Serialized files (Serialized files now loaded: 0)
System memory in use before: 138.1 MB.
System memory in use after: 138.2 MB.

Unloading 13 unused Assets to reduce memory usage. Loaded Objects now: 3947.
Total: 3.491000 ms (FindLiveObjects: 0.346900 ms CreateObjectMapping: 0.187300 ms MarkObjects: 2.824900 ms  DeleteObjects: 0.130900 ms)

========================================================================
Received Prepare
Registering precompiled user dll's ...
Registered in 0.001239 seconds.
Begin MonoManager ReloadAssembly
Native extension for WindowsStandalone target not found
Native extension for WebGL target not found
Refreshing native plugins compatible for Editor in 0.52 ms, found 1 plugins.
Preloading 0 native plugins for Editor in 0.00 ms.
Invoked RoslynAnalysisRunner static constructor.
RoslynAnalysisRunner will not be running.
RoslynAnalysisRunner has terminated.
Mono: successfully reloaded assembly
- Completed reload, in  0.966 seconds
Platform modules already initialized, skipping
Shader 'Universal Render Pipeline/Particles/Lit': fallback shader 'Universal Render Pipeline/Particles/SimpleLit' not found
Refreshing native plugins compatible for Editor in 0.53 ms, found 1 plugins.
Preloading 0 native plugins for Editor in 0.00 ms.
Unloading 3233 Unused Serialized files (Serialized files now loaded: 0)
System memory in use before: 138.1 MB.
System memory in use after: 138.2 MB.

Unloading 13 unused Assets to reduce memory usage. Loaded Objects now: 3950.
Total: 3.244900 ms (FindLiveObjects: 0.306200 ms CreateObjectMapping: 0.145800 ms MarkObjects: 2.678300 ms  DeleteObjects: 0.113600 ms)

========================================================================
Received Prepare
Registering precompiled user dll's ...
Registered in 0.001212 seconds.
Begin MonoManager ReloadAssembly
Native extension for WindowsStandalone target not found
Native extension for WebGL target not found
Refreshing native plugins compatible for Editor in 0.59 ms, found 1 plugins.
Preloading 0 native plugins for Editor in 0.00 ms.
Invoked RoslynAnalysisRunner static constructor.
RoslynAnalysisRunner will not be running.
RoslynAnalysisRunner has terminated.
Mono: successfully reloaded assembly
- Completed reload, in  0.973 seconds
Platform modules already initialized, skipping
Shader 'Universal Render Pipeline/Particles/Lit': fallback shader 'Universal Render Pipeline/Particles/SimpleLit' not found
Refreshing native plugins compatible for Editor in 0.53 ms, found 1 plugins.
Preloading 0 native plugins for Editor in 0.00 ms.
Unloading 3234 Unused Serialized files (Serialized files now loaded: 0)
System memory in use before: 138.1 MB.
System memory in use after: 138.2 MB.

Unloading 13 unused Assets to reduce memory usage. Loaded Objects now: 3954.
Total: 3.132200 ms (FindLiveObjects: 0.356000 ms CreateObjectMapping: 0.170500 ms MarkObjects: 2.478400 ms  DeleteObjects: 0.125900 ms)

========================================================================
Received Import Request.
  Time since last request: 2370.388107 seconds.
  path: Assets/Scripts/UI/inventoryScreenSO.cs
  artifactKey: Guid(b47509d8622ce8e4a9f0e9e5163cb392) Importer(815301076,1909f56bfc062723c751e8b465ee728b)
Start importing Assets/Scripts/UI/inventoryScreenSO.cs using Guid(b47509d8622ce8e4a9f0e9e5163cb392) Importer(815301076,1909f56bfc062723c751e8b465ee728b)  -> (artifact id: '0b8997027f083e1207a14424e37e50e9') in 0.009896 seconds
  Import took 0.015206 seconds .

========================================================================
Received Prepare
Registering precompiled user dll's ...
Registered in 0.001227 seconds.
Begin MonoManager ReloadAssembly
Native extension for WindowsStandalone target not found
Native extension for WebGL target not found
Refreshing native plugins compatible for Editor in 0.87 ms, found 1 plugins.
Preloading 0 native plugins for Editor in 0.00 ms.
Invoked RoslynAnalysisRunner static constructor.
RoslynAnalysisRunner will not be running.
RoslynAnalysisRunner has terminated.
Mono: successfully reloaded assembly
- Completed reload, in  1.132 seconds
Platform modules already initialized, skipping
Shader 'Universal Render Pipeline/Particles/Lit': fallback shader 'Universal Render Pipeline/Particles/SimpleLit' not found
Refreshing native plugins compatible for Editor in 0.55 ms, found 1 plugins.
Preloading 0 native plugins for Editor in 0.00 ms.
Unloading 3234 Unused Serialized files (Serialized files now loaded: 0)
System memory in use before: 138.1 MB.
System memory in use after: 138.2 MB.

Unloading 13 unused Assets to reduce memory usage. Loaded Objects now: 3957.
Total: 3.198200 ms (FindLiveObjects: 0.374900 ms CreateObjectMapping: 0.150800 ms MarkObjects: 2.485100 ms  DeleteObjects: 0.186000 ms)

========================================================================
Received Prepare
Registering precompiled user dll's ...
Registered in 0.001345 seconds.
Begin MonoManager ReloadAssembly
Native extension for WindowsStandalone target not found
Native extension for WebGL target not found
Refreshing native plugins compatible for Editor in 0.52 ms, found 1 plugins.
Preloading 0 native plugins for Editor in 0.00 ms.
Invoked RoslynAnalysisRunner static constructor.
RoslynAnalysisRunner will not be running.
RoslynAnalysisRunner has terminated.
Mono: successfully reloaded assembly
- Completed reload, in  0.948 seconds
Platform modules already initialized, skipping
Shader 'Universal Render Pipeline/Particles/Lit': fallback shader 'Universal Render Pipeline/Particles/SimpleLit' not found
Refreshing native plugins compatible for Editor in 0.55 ms, found 1 plugins.
Preloading 0 native plugins for Editor in 0.00 ms.
Unloading 3234 Unused Serialized files (Serialized files now loaded: 0)
System memory in use before: 138.1 MB.
System memory in use after: 138.2 MB.

Unloading 13 unused Assets to reduce memory usage. Loaded Objects now: 3960.
Total: 2.863800 ms (FindLiveObjects: 0.299100 ms CreateObjectMapping: 0.148400 ms MarkObjects: 2.297800 ms  DeleteObjects: 0.117500 ms)

========================================================================
Received Prepare
Registering precompiled user dll's ...
Registered in 0.001271 seconds.
Begin MonoManager ReloadAssembly
Native extension for WindowsStandalone target not found
Native extension for WebGL target not found
Refreshing native plugins compatible for Editor in 0.52 ms, found 1 plugins.
Preloading 0 native plugins for Editor in 0.00 ms.
Invoked RoslynAnalysisRunner static constructor.
RoslynAnalysisRunner will not be running.
RoslynAnalysisRunner has terminated.
Mono: successfully reloaded assembly
- Completed reload, in  0.979 seconds
Platform modules already initialized, skipping
Shader 'Universal Render Pipeline/Particles/Lit': fallback shader 'Universal Render Pipeline/Particles/SimpleLit' not found
Refreshing native plugins compatible for Editor in 0.52 ms, found 1 plugins.
Preloading 0 native plugins for Editor in 0.00 ms.
Unloading 3234 Unused Serialized files (Serialized files now loaded: 0)
System memory in use before: 138.1 MB.
System memory in use after: 138.3 MB.

Unloading 13 unused Assets to reduce memory usage. Loaded Objects now: 3963.
Total: 2.892900 ms (FindLiveObjects: 0.361000 ms CreateObjectMapping: 0.217800 ms MarkObjects: 2.198400 ms  DeleteObjects: 0.114300 ms)

========================================================================
Received Import Request.
  Time since last request: 857.838063 seconds.
  path: Assets/ScriptableObjects/Inventories/MainGameInventory.asset
  artifactKey: Guid(9d9d0a848abfbb04fb7679b657abe864) Importer(815301076,1909f56bfc062723c751e8b465ee728b)
Start importing Assets/ScriptableObjects/Inventories/MainGameInventory.asset using Guid(9d9d0a848abfbb04fb7679b657abe864) Importer(815301076,1909f56bfc062723c751e8b465ee728b)  -> (artifact id: 'de221f9101b690f350275aceb7d11e25') in 0.020462 seconds
  Import took 0.025684 seconds .

========================================================================
Received Prepare
Registering precompiled user dll's ...
Registered in 0.001221 seconds.
Begin MonoManager ReloadAssembly
Native extension for WindowsStandalone target not found
Native extension for WebGL target not found
Refreshing native plugins compatible for Editor in 0.58 ms, found 1 plugins.
Preloading 0 native plugins for Editor in 0.00 ms.
Invoked RoslynAnalysisRunner static constructor.
RoslynAnalysisRunner will not be running.
RoslynAnalysisRunner has terminated.
Mono: successfully reloaded assembly
- Completed reload, in  0.955 seconds
Platform modules already initialized, skipping
Shader 'Universal Render Pipeline/Particles/Lit': fallback shader 'Universal Render Pipeline/Particles/SimpleLit' not found
Refreshing native plugins compatible for Editor in 0.51 ms, found 1 plugins.
Preloading 0 native plugins for Editor in 0.00 ms.
Unloading 3234 Unused Serialized files (Serialized files now loaded: 0)
System memory in use before: 138.2 MB.
System memory in use after: 138.3 MB.

Unloading 13 unused Assets to reduce memory usage. Loaded Objects now: 3966.
Total: 3.497400 ms (FindLiveObjects: 0.416700 ms CreateObjectMapping: 0.268300 ms MarkObjects: 2.693500 ms  DeleteObjects: 0.117700 ms)

========================================================================
Received Prepare
Registering precompiled user dll's ...
Registered in 1.989147 seconds.
Begin MonoManager ReloadAssembly
Native extension for WindowsStandalone target not found
Native extension for WebGL target not found
Refreshing native plugins compatible for Editor in 0.51 ms, found 1 plugins.
Preloading 0 native plugins for Editor in 0.00 ms.
Invoked RoslynAnalysisRunner static constructor.
RoslynAnalysisRunner will not be running.
RoslynAnalysisRunner has terminated.
Mono: successfully reloaded assembly
- Completed reload, in  6.642 seconds
Platform modules already initialized, skipping
Shader 'Universal Render Pipeline/Particles/Lit': fallback shader 'Universal Render Pipeline/Particles/SimpleLit' not found
Refreshing native plugins compatible for Editor in 0.50 ms, found 1 plugins.
Preloading 0 native plugins for Editor in 0.00 ms.
Unloading 3234 Unused Serialized files (Serialized files now loaded: 0)
System memory in use before: 138.2 MB.
System memory in use after: 138.3 MB.

Unloading 13 unused Assets to reduce memory usage. Loaded Objects now: 3969.
Total: 3.034700 ms (FindLiveObjects: 0.334800 ms CreateObjectMapping: 0.163100 ms MarkObjects: 2.329000 ms  DeleteObjects: 0.206800 ms)

========================================================================
Received Import Request.
  Time since last request: 6559.051131 seconds.
  path: Assets/Scenes/TutorialScene.unity
  artifactKey: Guid(6fcc0ead9b81f444988cb102d41987ee) Importer(815301076,1909f56bfc062723c751e8b465ee728b)
Start importing Assets/Scenes/TutorialScene.unity using Guid(6fcc0ead9b81f444988cb102d41987ee) Importer(815301076,1909f56bfc062723c751e8b465ee728b)  -> (artifact id: '66e0aa9e639fb9b196c25c5b973c2244') in 0.024704 seconds
  Import took 0.161456 seconds .

========================================================================
Received Import Request.
  Time since last request: 44.726723 seconds.
  path: Assets/Prefabs/ScenePrefabs
  artifactKey: Guid(b7bc8542775982848b2c9cd9385dbf2e) Importer(815301076,1909f56bfc062723c751e8b465ee728b)
Start importing Assets/Prefabs/ScenePrefabs using Guid(b7bc8542775982848b2c9cd9385dbf2e) Importer(815301076,1909f56bfc062723c751e8b465ee728b)  -> (artifact id: '2bbb2e4c9bf51e230aac66e7395b70fc') in 0.006956 seconds
  Import took 0.012609 seconds .

========================================================================
Received Import Request.
  Time since last request: 2.968516 seconds.
  path: Assets/Prefabs/ScenePrefabs/Light and Camera.prefab
  artifactKey: Guid(b623c88b4866db94aaebc1187360e7a5) Importer(815301076,1909f56bfc062723c751e8b465ee728b)
Start importing Assets/Prefabs/ScenePrefabs/Light and Camera.prefab using Guid(b623c88b4866db94aaebc1187360e7a5) Importer(815301076,1909f56bfc062723c751e8b465ee728b)  -> (artifact id: 'd1c2715bdb0c692cfa9b480aa55a6e72') in 0.024941 seconds
  Import took 0.057879 seconds .

========================================================================
Received Import Request.
  Time since last request: 2.559484 seconds.
  path: Assets/Prefabs/ScenePrefabs/InventorySystemSingleton.prefab
  artifactKey: Guid(1bdca52cfe0ec0f4899da16029859cab) Importer(815301076,1909f56bfc062723c751e8b465ee728b)
Start importing Assets/Prefabs/ScenePrefabs/InventorySystemSingleton.prefab using Guid(1bdca52cfe0ec0f4899da16029859cab) Importer(815301076,1909f56bfc062723c751e8b465ee728b)  -> (artifact id: 'e9b1bf813c2d461c66f930e7c6e1d842') in 0.092810 seconds
  Import took 0.118809 seconds .

========================================================================
Received Import Request.
  Time since last request: 2.317668 seconds.
  path: Assets/Prefabs/ScenePrefabs/InventorySystemSO.prefab
  artifactKey: Guid(d9de346e529072340aaf436639e5aab2) Importer(815301076,1909f56bfc062723c751e8b465ee728b)
Start importing Assets/Prefabs/ScenePrefabs/InventorySystemSO.prefab using Guid(d9de346e529072340aaf436639e5aab2) Importer(815301076,1909f56bfc062723c751e8b465ee728b)  -> (artifact id: 'b9635b2f01242c99ab90d38f0c01056a') in 0.078826 seconds
  Import took 0.160405 seconds .

========================================================================
Received Import Request.
  Time since last request: 35.297771 seconds.
  path: Assets/Prefabs/ScenePrefabs/InventorySystemSingleton.prefab
  artifactKey: Guid(1bdca52cfe0ec0f4899da16029859cab) Importer(815301076,1909f56bfc062723c751e8b465ee728b)
Start importing Assets/Prefabs/ScenePrefabs/InventorySystemSingleton.prefab using Guid(1bdca52cfe0ec0f4899da16029859cab) Importer(815301076,1909f56bfc062723c751e8b465ee728b)  -> (artifact id: '05f8a12a7e66561e887c1a4feb80dff6') in 0.027131 seconds
  Import took 0.032398 seconds .

========================================================================
Received Prepare
Registering precompiled user dll's ...
Registered in 0.001282 seconds.
Begin MonoManager ReloadAssembly
Native extension for WindowsStandalone target not found
Native extension for WebGL target not found
Refreshing native plugins compatible for Editor in 0.51 ms, found 1 plugins.
Preloading 0 native plugins for Editor in 0.00 ms.
Invoked RoslynAnalysisRunner static constructor.
RoslynAnalysisRunner will not be running.
RoslynAnalysisRunner has terminated.
Mono: successfully reloaded assembly
- Completed reload, in  0.942 seconds
Platform modules already initialized, skipping
Shader 'Universal Render Pipeline/Particles/Lit': fallback shader 'Universal Render Pipeline/Particles/SimpleLit' not found
Refreshing native plugins compatible for Editor in 0.51 ms, found 1 plugins.
Preloading 0 native plugins for Editor in 0.00 ms.
Unloading 3234 Unused Serialized files (Serialized files now loaded: 0)
System memory in use before: 138.7 MB.
System memory in use after: 138.8 MB.

Unloading 14 unused Assets to reduce memory usage. Loaded Objects now: 3972.
Total: 3.013900 ms (FindLiveObjects: 0.320100 ms CreateObjectMapping: 0.169300 ms MarkObjects: 2.406700 ms  DeleteObjects: 0.116900 ms)

========================================================================
Received Prepare
Registering precompiled user dll's ...
Registered in 0.001216 seconds.
Begin MonoManager ReloadAssembly
Native extension for WindowsStandalone target not found
Native extension for WebGL target not found
Refreshing native plugins compatible for Editor in 0.51 ms, found 1 plugins.
Preloading 0 native plugins for Editor in 0.00 ms.
Invoked RoslynAnalysisRunner static constructor.
RoslynAnalysisRunner will not be running.
RoslynAnalysisRunner has terminated.
Mono: successfully reloaded assembly
- Completed reload, in  0.937 seconds
Platform modules already initialized, skipping
Shader 'Universal Render Pipeline/Particles/Lit': fallback shader 'Universal Render Pipeline/Particles/SimpleLit' not found
Refreshing native plugins compatible for Editor in 0.54 ms, found 1 plugins.
Preloading 0 native plugins for Editor in 0.00 ms.
Unloading 3234 Unused Serialized files (Serialized files now loaded: 0)
System memory in use before: 138.7 MB.
System memory in use after: 138.8 MB.

Unloading 13 unused Assets to reduce memory usage. Loaded Objects now: 3975.
Total: 3.042400 ms (FindLiveObjects: 0.323500 ms CreateObjectMapping: 0.168500 ms MarkObjects: 2.445100 ms  DeleteObjects: 0.104500 ms)

========================================================================
Received Prepare
Registering precompiled user dll's ...
Registered in 0.001253 seconds.
Begin MonoManager ReloadAssembly
Native extension for WindowsStandalone target not found
Native extension for WebGL target not found
Refreshing native plugins compatible for Editor in 0.55 ms, found 1 plugins.
Preloading 0 native plugins for Editor in 0.00 ms.
Invoked RoslynAnalysisRunner static constructor.
RoslynAnalysisRunner will not be running.
RoslynAnalysisRunner has terminated.
Mono: successfully reloaded assembly
- Completed reload, in  0.982 seconds
Platform modules already initialized, skipping
Shader 'Universal Render Pipeline/Particles/Lit': fallback shader 'Universal Render Pipeline/Particles/SimpleLit' not found
Refreshing native plugins compatible for Editor in 0.51 ms, found 1 plugins.
Preloading 0 native plugins for Editor in 0.00 ms.
Unloading 3234 Unused Serialized files (Serialized files now loaded: 0)
System memory in use before: 138.7 MB.
System memory in use after: 138.8 MB.

Unloading 13 unused Assets to reduce memory usage. Loaded Objects now: 3978.
Total: 3.013300 ms (FindLiveObjects: 0.320600 ms CreateObjectMapping: 0.171500 ms MarkObjects: 2.412300 ms  DeleteObjects: 0.107900 ms)

========================================================================
Received Prepare
Registering precompiled user dll's ...
Registered in 0.001263 seconds.
Begin MonoManager ReloadAssembly
Native extension for WindowsStandalone target not found
Native extension for WebGL target not found
Refreshing native plugins compatible for Editor in 0.52 ms, found 1 plugins.
Preloading 0 native plugins for Editor in 0.00 ms.
Invoked RoslynAnalysisRunner static constructor.
RoslynAnalysisRunner will not be running.
RoslynAnalysisRunner has terminated.
Mono: successfully reloaded assembly
- Completed reload, in  0.948 seconds
Platform modules already initialized, skipping
Shader 'Universal Render Pipeline/Particles/Lit': fallback shader 'Universal Render Pipeline/Particles/SimpleLit' not found
Refreshing native plugins compatible for Editor in 0.53 ms, found 1 plugins.
Preloading 0 native plugins for Editor in 0.00 ms.
Unloading 3234 Unused Serialized files (Serialized files now loaded: 0)
System memory in use before: 138.7 MB.
System memory in use after: 138.8 MB.

Unloading 13 unused Assets to reduce memory usage. Loaded Objects now: 3981.
Total: 3.081600 ms (FindLiveObjects: 0.332600 ms CreateObjectMapping: 0.177200 ms MarkObjects: 2.461400 ms  DeleteObjects: 0.109300 ms)

========================================================================
Received Prepare
Registering precompiled user dll's ...
Registered in 0.001435 seconds.
Begin MonoManager ReloadAssembly
Native extension for WindowsStandalone target not found
Native extension for WebGL target not found
Refreshing native plugins compatible for Editor in 0.50 ms, found 1 plugins.
Preloading 0 native plugins for Editor in 0.00 ms.
Invoked RoslynAnalysisRunner static constructor.
RoslynAnalysisRunner will not be running.
RoslynAnalysisRunner has terminated.
Mono: successfully reloaded assembly
- Completed reload, in  0.948 seconds
Platform modules already initialized, skipping
Shader 'Universal Render Pipeline/Particles/Lit': fallback shader 'Universal Render Pipeline/Particles/SimpleLit' not found
Refreshing native plugins compatible for Editor in 0.50 ms, found 1 plugins.
Preloading 0 native plugins for Editor in 0.00 ms.
Unloading 3234 Unused Serialized files (Serialized files now loaded: 0)
System memory in use before: 138.7 MB.
System memory in use after: 138.8 MB.

Unloading 13 unused Assets to reduce memory usage. Loaded Objects now: 3984.
Total: 2.943500 ms (FindLiveObjects: 0.375500 ms CreateObjectMapping: 0.202400 ms MarkObjects: 2.239700 ms  DeleteObjects: 0.124900 ms)

========================================================================
Received Import Request.
  Time since last request: 656.767994 seconds.
  path: Assets/ScriptableObjects/Inventories/TutorialInventory.asset
  artifactKey: Guid(d0bcf31b7a62f574e9b66fd31f1d8526) Importer(815301076,1909f56bfc062723c751e8b465ee728b)
Start importing Assets/ScriptableObjects/Inventories/TutorialInventory.asset using Guid(d0bcf31b7a62f574e9b66fd31f1d8526) Importer(815301076,1909f56bfc062723c751e8b465ee728b)  -> (artifact id: '5b09aadd7e640636efdea217ccf08e58') in 0.022642 seconds
  Import took 0.039417 seconds .

========================================================================
Received Import Request.
  Time since last request: 23.269205 seconds.
  path: Assets/ScriptableObjects/Inventories/TutorialInventory.asset
  artifactKey: Guid(d0bcf31b7a62f574e9b66fd31f1d8526) Importer(815301076,1909f56bfc062723c751e8b465ee728b)
Start importing Assets/ScriptableObjects/Inventories/TutorialInventory.asset using Guid(d0bcf31b7a62f574e9b66fd31f1d8526) Importer(815301076,1909f56bfc062723c751e8b465ee728b)  -> (artifact id: '7e82f9f637aab485a88d729f62b88af6') in 0.003275 seconds
  Import took 0.032298 seconds .

========================================================================
Received Prepare
Registering precompiled user dll's ...
Registered in 0.001316 seconds.
Begin MonoManager ReloadAssembly
Native extension for WindowsStandalone target not found
Native extension for WebGL target not found
Refreshing native plugins compatible for Editor in 0.53 ms, found 1 plugins.
Preloading 0 native plugins for Editor in 0.00 ms.
Invoked RoslynAnalysisRunner static constructor.
RoslynAnalysisRunner will not be running.
RoslynAnalysisRunner has terminated.
Mono: successfully reloaded assembly
- Completed reload, in  0.956 seconds
Platform modules already initialized, skipping
Shader 'Universal Render Pipeline/Particles/Lit': fallback shader 'Universal Render Pipeline/Particles/SimpleLit' not found
Refreshing native plugins compatible for Editor in 0.51 ms, found 1 plugins.
Preloading 0 native plugins for Editor in 0.00 ms.
Unloading 3234 Unused Serialized files (Serialized files now loaded: 0)
System memory in use before: 138.7 MB.
System memory in use after: 138.8 MB.

Unloading 13 unused Assets to reduce memory usage. Loaded Objects now: 3987.
Total: 2.876600 ms (FindLiveObjects: 0.353300 ms CreateObjectMapping: 0.139100 ms MarkObjects: 2.266400 ms  DeleteObjects: 0.116500 ms)

========================================================================
Received Import Request.
  Time since last request: 3551.283729 seconds.
  path: Assets/Scenes/MainScene.unity
  artifactKey: Guid(2cda990e2423bbf4892e6590ba056729) Importer(815301076,1909f56bfc062723c751e8b465ee728b)
Start importing Assets/Scenes/MainScene.unity using Guid(2cda990e2423bbf4892e6590ba056729) Importer(815301076,1909f56bfc062723c751e8b465ee728b)  -> (artifact id: 'c238a406b2afa33f088de7b6c37086cd') in 0.023404 seconds
  Import took 0.069155 seconds .

========================================================================
Received Import Request.
  Time since last request: 0.036736 seconds.
  path: Assets/Scenes/MainScene.unity
  artifactKey: Guid(2cda990e2423bbf4892e6590ba056729) Importer(815301076,1909f56bfc062723c751e8b465ee728b)
Start importing Assets/Scenes/MainScene.unity using Guid(2cda990e2423bbf4892e6590ba056729) Importer(815301076,1909f56bfc062723c751e8b465ee728b)  -> (artifact id: 'c238a406b2afa33f088de7b6c37086cd') in 0.002292 seconds
  Import took 0.007525 seconds .

========================================================================
Received Import Request.
  Time since last request: 8818.793698 seconds.
  path: Assets/Scenes/TutorialScene.unity
  artifactKey: Guid(6fcc0ead9b81f444988cb102d41987ee) Importer(815301076,1909f56bfc062723c751e8b465ee728b)
Start importing Assets/Scenes/TutorialScene.unity using Guid(6fcc0ead9b81f444988cb102d41987ee) Importer(815301076,1909f56bfc062723c751e8b465ee728b)  -> (artifact id: '7f3f396393b25a4d0a3c85b44c5a278d') in 0.021611 seconds
  Import took 0.198396 seconds .

========================================================================
Received Import Request.
  Time since last request: 19.171122 seconds.
  path: Assets/Scenes/MainScene.unity
  artifactKey: Guid(2cda990e2423bbf4892e6590ba056729) Importer(815301076,1909f56bfc062723c751e8b465ee728b)
Start importing Assets/Scenes/MainScene.unity using Guid(2cda990e2423bbf4892e6590ba056729) Importer(815301076,1909f56bfc062723c751e8b465ee728b)  -> (artifact id: '4deece5cf9a60609e667af602d5b7bc7') in 0.003224 seconds
  Import took 0.103238 seconds .

========================================================================
Received Import Request.
  Time since last request: 329.445075 seconds.
  path: Assets/Scenes/TutorialScene.unity
  artifactKey: Guid(6fcc0ead9b81f444988cb102d41987ee) Importer(815301076,1909f56bfc062723c751e8b465ee728b)
Start importing Assets/Scenes/TutorialScene.unity using Guid(6fcc0ead9b81f444988cb102d41987ee) Importer(815301076,1909f56bfc062723c751e8b465ee728b)  -> (artifact id: '9a813adbedb396ac9fa264b922d5ea7b') in 0.003147 seconds
  Import took 0.009533 seconds .

AssetImportWorkerClient::OnTransportError - code=2 error=End of file
